-------------------------------------------------------------------------------
Test set: com.E4.cosmos_sql.CosmosSqlApplicationTests
-------------------------------------------------------------------------------
Tests run: 1, Failures: 0, Errors: 1, Skipped: 0, Time elapsed: 35.38 s <<< FAILURE! -- in com.E4.cosmos_sql.CosmosSqlApplicationTests
com.E4.cosmos_sql.CosmosSqlApplicationTests.contextLoads -- Time elapsed: 0.009 s <<< ERROR!
java.lang.IllegalStateException: Failed to load ApplicationContext for [ReactiveWebMergedContextConfiguration@5f3f57ff testClass = com.E4.cosmos_sql.CosmosSqlApplicationTests, locations = [], classes = [com.E4.cosmos_sql.CosmosSqlApplication], contextInitializerClasses = [], activeProfiles = [], propertySourceDescriptors = [], propertySourceProperties = ["org.springframework.boot.test.context.SpringBootTestContextBootstrapper=true"], contextCustomizers = [org.springframework.boot.test.context.filter.ExcludeFilterContextCustomizer@176b75f7, org.springframework.boot.test.json.DuplicateJsonObjectContextCustomizerFactory$DuplicateJsonObjectContextCustomizer@3b8f0a79, org.springframework.boot.test.mock.mockito.MockitoContextCustomizer@0, org.springframework.boot.test.web.client.TestRestTemplateContextCustomizer@3148f668, org.springframework.boot.test.web.reactive.server.WebTestClientContextCustomizer@5b67bb7e, org.springframework.boot.test.web.reactor.netty.DisableReactorResourceFactoryGlobalResourcesContextCustomizerFactory$DisableReactorResourceFactoryGlobalResourcesContextCustomizerCustomizer@1ab06251, org.springframework.boot.test.autoconfigure.OnFailureConditionReportContextCustomizerFactory$OnFailureConditionReportContextCustomizer@1115ec15, org.springframework.boot.test.autoconfigure.actuate.observability.ObservabilityContextCustomizerFactory$DisableObservabilityContextCustomizer@1f, org.springframework.boot.test.autoconfigure.properties.PropertyMappingContextCustomizer@0, org.springframework.boot.test.autoconfigure.web.servlet.WebDriverContextCustomizer@6f44a157, org.springframework.test.context.support.DynamicPropertiesContextCustomizer@0, org.springframework.boot.test.context.SpringBootTestAnnotation@fc315353], contextLoader = org.springframework.boot.test.context.SpringBootContextLoader, parent = null]
	at org.springframework.test.context.cache.DefaultCacheAwareContextLoaderDelegate.loadContext(DefaultCacheAwareContextLoaderDelegate.java:180)
	at org.springframework.test.context.support.DefaultTestContext.getApplicationContext(DefaultTestContext.java:130)
	at org.springframework.test.context.support.DependencyInjectionTestExecutionListener.injectDependencies(DependencyInjectionTestExecutionListener.java:155)
	at org.springframework.test.context.support.DependencyInjectionTestExecutionListener.prepareTestInstance(DependencyInjectionTestExecutionListener.java:111)
	at org.springframework.test.context.TestContextManager.prepareTestInstance(TestContextManager.java:260)
	at org.springframework.test.context.junit.jupiter.SpringExtension.postProcessTestInstance(SpringExtension.java:159)
	at java.base/java.util.stream.ForEachOps$ForEachOp$OfRef.accept(ForEachOps.java:184)
	at java.base/java.util.stream.ReferencePipeline$3$1.accept(ReferencePipeline.java:215)
	at java.base/java.util.stream.ReferencePipeline$2$1.accept(ReferencePipeline.java:197)
	at java.base/java.util.stream.ReferencePipeline$3$1.accept(ReferencePipeline.java:215)
	at java.base/java.util.ArrayList$ArrayListSpliterator.forEachRemaining(ArrayList.java:1709)
	at java.base/java.util.stream.AbstractPipeline.copyInto(AbstractPipeline.java:570)
	at java.base/java.util.stream.AbstractPipeline.wrapAndCopyInto(AbstractPipeline.java:560)
	at java.base/java.util.stream.ForEachOps$ForEachOp.evaluateSequential(ForEachOps.java:151)
	at java.base/java.util.stream.ForEachOps$ForEachOp$OfRef.evaluateSequential(ForEachOps.java:174)
	at java.base/java.util.stream.AbstractPipeline.evaluate(AbstractPipeline.java:265)
	at java.base/java.util.stream.ReferencePipeline.forEach(ReferencePipeline.java:636)
	at java.base/java.util.Optional.orElseGet(Optional.java:364)
	at java.base/java.util.ArrayList.forEach(ArrayList.java:1597)
	at java.base/java.util.ArrayList.forEach(ArrayList.java:1597)
Caused by: org.springframework.beans.factory.UnsatisfiedDependencyException: Error creating bean with name 'clientesController' defined in file [D:\Tareas UV\BaseDeDatosDistribuidos\cosmos-sql\target\classes\com\E4\cosmos_sql\controller\ClientesController.class]: Unsatisfied dependency expressed through constructor parameter 0: Error creating bean with name 'clientesRepository' defined in com.E4.cosmos_sql.repository.ClientesRepository defined in @EnableReactiveCosmosRepositories declared on CosmosReactiveRepositoriesAutoConfigureRegistrar.EnableCosmosReactiveRepositoriesConfiguration: Failed to instantiate [com.azure.spring.data.cosmos.repository.support.SimpleReactiveCosmosRepository]: Constructor threw exception
	at org.springframework.beans.factory.support.ConstructorResolver.createArgumentArray(ConstructorResolver.java:804)
	at org.springframework.beans.factory.support.ConstructorResolver.autowireConstructor(ConstructorResolver.java:240)
	at org.springframework.beans.factory.support.AbstractAutowireCapableBeanFactory.autowireConstructor(AbstractAutowireCapableBeanFactory.java:1387)
	at org.springframework.beans.factory.support.AbstractAutowireCapableBeanFactory.createBeanInstance(AbstractAutowireCapableBeanFactory.java:1224)
	at org.springframework.beans.factory.support.AbstractAutowireCapableBeanFactory.doCreateBean(AbstractAutowireCapableBeanFactory.java:569)
	at org.springframework.beans.factory.support.AbstractAutowireCapableBeanFactory.createBean(AbstractAutowireCapableBeanFactory.java:529)
	at org.springframework.beans.factory.support.AbstractBeanFactory.lambda$doGetBean$0(AbstractBeanFactory.java:339)
	at org.springframework.beans.factory.support.DefaultSingletonBeanRegistry.getSingleton(DefaultSingletonBeanRegistry.java:371)
	at org.springframework.beans.factory.support.AbstractBeanFactory.doGetBean(AbstractBeanFactory.java:337)
	at org.springframework.beans.factory.support.AbstractBeanFactory.getBean(AbstractBeanFactory.java:202)
	at org.springframework.beans.factory.support.DefaultListableBeanFactory.instantiateSingleton(DefaultListableBeanFactory.java:1221)
	at org.springframework.beans.factory.support.DefaultListableBeanFactory.preInstantiateSingleton(DefaultListableBeanFactory.java:1187)
	at org.springframework.beans.factory.support.DefaultListableBeanFactory.preInstantiateSingletons(DefaultListableBeanFactory.java:1122)
	at org.springframework.context.support.AbstractApplicationContext.finishBeanFactoryInitialization(AbstractApplicationContext.java:987)
	at org.springframework.context.support.AbstractApplicationContext.refresh(AbstractApplicationContext.java:627)
	at org.springframework.boot.SpringApplication.refresh(SpringApplication.java:753)
	at org.springframework.boot.SpringApplication.refreshContext(SpringApplication.java:439)
	at org.springframework.boot.SpringApplication.run(SpringApplication.java:318)
	at org.springframework.boot.test.context.SpringBootContextLoader.lambda$loadContext$3(SpringBootContextLoader.java:144)
	at org.springframework.util.function.ThrowingSupplier.get(ThrowingSupplier.java:58)
	at org.springframework.util.function.ThrowingSupplier.get(ThrowingSupplier.java:46)
	at org.springframework.boot.SpringApplication.withHook(SpringApplication.java:1462)
	at org.springframework.boot.test.context.SpringBootContextLoader$ContextLoaderHook.run(SpringBootContextLoader.java:563)
	at org.springframework.boot.test.context.SpringBootContextLoader.loadContext(SpringBootContextLoader.java:144)
	at org.springframework.boot.test.context.SpringBootContextLoader.loadContext(SpringBootContextLoader.java:110)
	at org.springframework.test.context.cache.DefaultCacheAwareContextLoaderDelegate.loadContextInternal(DefaultCacheAwareContextLoaderDelegate.java:225)
	at org.springframework.test.context.cache.DefaultCacheAwareContextLoaderDelegate.loadContext(DefaultCacheAwareContextLoaderDelegate.java:152)
	... 19 more
Caused by: org.springframework.beans.factory.BeanCreationException: Error creating bean with name 'clientesRepository' defined in com.E4.cosmos_sql.repository.ClientesRepository defined in @EnableReactiveCosmosRepositories declared on CosmosReactiveRepositoriesAutoConfigureRegistrar.EnableCosmosReactiveRepositoriesConfiguration: Failed to instantiate [com.azure.spring.data.cosmos.repository.support.SimpleReactiveCosmosRepository]: Constructor threw exception
	at org.springframework.beans.factory.support.AbstractAutowireCapableBeanFactory.initializeBean(AbstractAutowireCapableBeanFactory.java:1818)
	at org.springframework.beans.factory.support.AbstractAutowireCapableBeanFactory.doCreateBean(AbstractAutowireCapableBeanFactory.java:607)
	at org.springframework.beans.factory.support.AbstractAutowireCapableBeanFactory.createBean(AbstractAutowireCapableBeanFactory.java:529)
	at org.springframework.beans.factory.support.AbstractBeanFactory.lambda$doGetBean$0(AbstractBeanFactory.java:339)
	at org.springframework.beans.factory.support.DefaultSingletonBeanRegistry.getSingleton(DefaultSingletonBeanRegistry.java:371)
	at org.springframework.beans.factory.support.AbstractBeanFactory.doGetBean(AbstractBeanFactory.java:337)
	at org.springframework.beans.factory.support.AbstractBeanFactory.getBean(AbstractBeanFactory.java:202)
	at org.springframework.beans.factory.support.DefaultListableBeanFactory.doResolveDependency(DefaultListableBeanFactory.java:1681)
	at org.springframework.beans.factory.support.DefaultListableBeanFactory.resolveDependency(DefaultListableBeanFactory.java:1627)
	at org.springframework.beans.factory.support.ConstructorResolver.resolveAutowiredArgument(ConstructorResolver.java:913)
	at org.springframework.beans.factory.support.ConstructorResolver.createArgumentArray(ConstructorResolver.java:791)
	... 45 more
Caused by: org.springframework.beans.BeanInstantiationException: Failed to instantiate [com.azure.spring.data.cosmos.repository.support.SimpleReactiveCosmosRepository]: Constructor threw exception
	at org.springframework.beans.BeanUtils.instantiateClass(BeanUtils.java:222)
	at org.springframework.data.repository.core.support.RepositoryFactorySupport.lambda$instantiateClass$5(RepositoryFactorySupport.java:657)
	at java.base/java.util.Optional.map(Optional.java:260)
	at org.springframework.data.repository.core.support.RepositoryFactorySupport.instantiateClass(RepositoryFactorySupport.java:657)
	at org.springframework.data.repository.core.support.RepositoryFactorySupport.getTargetRepositoryViaReflection(RepositoryFactorySupport.java:622)
	at com.azure.spring.data.cosmos.repository.support.ReactiveCosmosRepositoryFactory.getTargetRepository(ReactiveCosmosRepositoryFactory.java:48)
	at org.springframework.data.repository.core.support.RepositoryFactorySupport.getRepository(RepositoryFactorySupport.java:377)
	at org.springframework.data.repository.core.support.RepositoryFactoryBeanSupport.lambda$afterPropertiesSet$4(RepositoryFactoryBeanSupport.java:350)
	at org.springframework.data.util.Lazy.getNullable(Lazy.java:135)
	at org.springframework.data.util.Lazy.get(Lazy.java:113)
	at org.springframework.data.repository.core.support.RepositoryFactoryBeanSupport.afterPropertiesSet(RepositoryFactoryBeanSupport.java:356)
	at com.azure.spring.data.cosmos.repository.support.ReactiveCosmosRepositoryFactoryBean.afterPropertiesSet(ReactiveCosmosRepositoryFactoryBean.java:69)
	at org.springframework.beans.factory.support.AbstractAutowireCapableBeanFactory.invokeInitMethods(AbstractAutowireCapableBeanFactory.java:1865)
	at org.springframework.beans.factory.support.AbstractAutowireCapableBeanFactory.initializeBean(AbstractAutowireCapableBeanFactory.java:1814)
	... 55 more
Caused by: com.azure.spring.data.cosmos.exception.CosmosServiceUnavailableException: Failed to create database{"innerErrorMessage":"Service is currently unavailable, please retry after a while. More info: https://aka.ms/cosmosdb-tsg-service-unavailable-java: Message: {\"innerErrorMessage\":\"The requested resource is no longer available at the server.\"}","cosmosDiagnostics":{"userAgent":"azsdk-java-cosmos/4.68.0 Windows10/10.0 JRE/23.0.1 az-sd-cos/5.22.0az-sp-cos/5.22.0","activityId":"5ba9d22a-7ee2-4be6-a809-0f90d1885349","requestLatencyInMs":30907,"requestStartTimeUTC":"2025-06-04T20:45:38.436108200Z","requestEndTimeUTC":"2025-06-04T20:46:09.344002500Z","responseStatisticsList":[{"storeResult":{"storePhysicalAddress":"rntbd://cdb-ms-prod-westus3-be41.documents.azure.com:11307/apps/b4a754e2-efc3-4890-b885-c2fba20447a0/services/b395315b-74a0-40f3-909c-476b990ea2b4/partitions/c7536697-f3df-4582-b0a9-8a9fb5d433fe/replicas/133915815056156134s/","lsn":0,"quorumAckedLSN":-1,"currentReplicaSetSize":-1,"globalCommittedLsn":-1,"partitionKeyRangeId":null,"isValid":false,"statusCode":410,"subStatusCode":20001,"isGone":true,"isNotFound":false,"isInvalidPartition":false,"isThroughputControlRequestRateTooLarge":false,"requestCharge":0.0,"itemLSN":-1,"sessionToken":null,"backendLatencyInMs":null,"retryAfterInMs":null,"exceptionMessage":"failed to establish connection to cdb-ms-prod-westus3-be41.documents.azure.com/<unresolved>:11307 due to io.netty.channel.ConnectTimeoutException: connection timed out after 5000 ms: cdb-ms-prod-westus3-be41.documents.azure.com/20.14.126.131:11307","exceptionResponseHeaders":"{x-ms-activity-id=5ba9d22a-7ee2-4be6-a809-0f90d1885349, x-ms-substatus=20001}","replicaStatusList":{"Ignoring":["11315:P:Unknown"],"Attempting":["11013:S:Unknown","11307:S:Unknown","11309:S:Unknown"]},"transportRequestTimeline":[{"eventName":"created","startTimeUTC":"2025-06-04T20:45:39.017390800Z","durationInMilliSecs":1.0001},{"eventName":"queued","startTimeUTC":"2025-06-04T20:45:39.018390900Z","durationInMilliSecs":0.0},{"eventName":"channelAcquisitionStarted","startTimeUTC":"2025-06-04T20:45:39.018390900Z","durationInMilliSecs":5110.6232},{"eventName":"pipelined","startTimeUTC":null,"durationInMilliSecs":0.0},{"eventName":"transitTime","startTimeUTC":null,"durationInMilliSecs":0.0},{"eventName":"decodeTime","startTimeUTC":null,"durationInMilliSecs":0.0},{"eventName":"received","startTimeUTC":null,"durationInMilliSecs":0.0},{"eventName":"completed","startTimeUTC":"2025-06-04T20:45:44.129014100Z","durationInMilliSecs":0.0}],"transportRequestChannelAcquisitionContext":{"events":[{"poll":"2025-06-04T20:45:39.018390900Z","durationInMilliSecs":0.0},{"startNew":"2025-06-04T20:45:39.018390900Z","durationInMilliSecs":5093.0589},{"completeNew":"2025-06-04T20:45:44.111449800Z"}],"waitForChannelInit":true},"rntbdRequestLengthInBytes":-1,"rntbdResponseLengthInBytes":-1,"requestPayloadLengthInBytes":0,"responsePayloadLengthInBytes":-1,"channelStatistics":null,"serviceEndpointStatistics":{"availableChannels":0,"acquiredChannels":0,"executorTaskQueueSize":0,"inflightRequests":1,"lastSuccessfulRequestTime":"2025-06-04T20:45:39.017Z","lastRequestTime":"2025-06-04T20:45:39.017Z","createdTime":"2025-06-04T20:45:39.017390800Z","isClosed":false,"cerMetrics":{}}},"requestResponseTimeUTC":"2025-06-04T20:45:44.131016200Z","requestStartTimeUTC":"2025-06-04T20:45:39.017390800Z","requestResourceType":"Database","requestOperationType":"Read","requestSessionToken":null,"e2ePolicyCfg":null,"excludedRegions":null,"sessionTokenEvaluationResults":[],"locationToLocationSpecificHealthContext":{"v":null}},{"storeResult":{"storePhysicalAddress":"rntbd://cdb-ms-prod-westus3-be41.documents.azure.com:11013/apps/b4a754e2-efc3-4890-b885-c2fba20447a0/services/b395315b-74a0-40f3-909c-476b990ea2b4/partitions/c7536697-f3df-4582-b0a9-8a9fb5d433fe/replicas/133915815012093458s/","lsn":0,"quorumAckedLSN":-1,"currentReplicaSetSize":-1,"globalCommittedLsn":-1,"partitionKeyRangeId":null,"isValid":false,"statusCode":410,"subStatusCode":20001,"isGone":true,"isNotFound":false,"isInvalidPartition":false,"isThroughputControlRequestRateTooLarge":false,"requestCharge":0.0,"itemLSN":-1,"sessionToken":null,"backendLatencyInMs":null,"retryAfterInMs":null,"exceptionMessage":"failed to establish connection to cdb-ms-prod-westus3-be41.documents.azure.com/<unresolved>:11013 due to io.netty.channel.ConnectTimeoutException: connection timed out after 5000 ms: cdb-ms-prod-westus3-be41.documents.azure.com/20.14.126.131:11013","exceptionResponseHeaders":"{x-ms-activity-id=5ba9d22a-7ee2-4be6-a809-0f90d1885349, x-ms-substatus=20001}","replicaStatusList":{"Ignoring":["11315:P:Unknown"],"Attempting":["11013:S:Unknown","11307:S:Unknown","11309:S:Unknown"]},"transportRequestTimeline":[{"eventName":"created","startTimeUTC":"2025-06-04T20:45:38.985925600Z","durationInMilliSecs":29.4668},{"eventName":"queued","startTimeUTC":"2025-06-04T20:45:39.015392400Z","durationInMilliSecs":0.0},{"eventName":"channelAcquisitionStarted","startTimeUTC":"2025-06-04T20:45:39.015392400Z","durationInMilliSecs":5113.6217},{"eventName":"pipelined","startTimeUTC":null,"durationInMilliSecs":0.0},{"eventName":"transitTime","startTimeUTC":null,"durationInMilliSecs":0.0},{"eventName":"decodeTime","startTimeUTC":null,"durationInMilliSecs":0.0},{"eventName":"received","startTimeUTC":null,"durationInMilliSecs":0.0},{"eventName":"completed","startTimeUTC":"2025-06-04T20:45:44.129014100Z","durationInMilliSecs":0.0}],"transportRequestChannelAcquisitionContext":{"events":[{"poll":"2025-06-04T20:45:39.016392300Z","durationInMilliSecs":0.0},{"startNew":"2025-06-04T20:45:39.017390800Z","durationInMilliSecs":5094.059},{"completeNew":"2025-06-04T20:45:44.111449800Z"}],"waitForChannelInit":true},"rntbdRequestLengthInBytes":-1,"rntbdResponseLengthInBytes":-1,"requestPayloadLengthInBytes":0,"responsePayloadLengthInBytes":-1,"channelStatistics":null,"serviceEndpointStatistics":{"availableChannels":0,"acquiredChannels":0,"executorTaskQueueSize":0,"inflightRequests":1,"lastSuccessfulRequestTime":"2025-06-04T20:45:38.994Z","lastRequestTime":"2025-06-04T20:45:38.994Z","createdTime":"2025-06-04T20:45:38.993924Z","isClosed":false,"cerMetrics":{}}},"requestResponseTimeUTC":"2025-06-04T20:45:44.131016200Z","requestStartTimeUTC":"2025-06-04T20:45:38.985925600Z","requestResourceType":"Database","requestOperationType":"Read","requestSessionToken":null,"e2ePolicyCfg":null,"excludedRegions":null,"sessionTokenEvaluationResults":[],"locationToLocationSpecificHealthContext":{"v":null}},{"storeResult":{"storePhysicalAddress":"rntbd://cdb-ms-prod-westus3-be41.documents.azure.com:11309/apps/b4a754e2-efc3-4890-b885-c2fba20447a0/services/b395315b-74a0-40f3-909c-476b990ea2b4/partitions/c7536697-f3df-4582-b0a9-8a9fb5d433fe/replicas/133915815056156133s/","lsn":0,"quorumAckedLSN":-1,"currentReplicaSetSize":-1,"globalCommittedLsn":-1,"partitionKeyRangeId":null,"isValid":false,"statusCode":410,"subStatusCode":20001,"isGone":true,"isNotFound":false,"isInvalidPartition":false,"isThroughputControlRequestRateTooLarge":false,"requestCharge":0.0,"itemLSN":-1,"sessionToken":null,"backendLatencyInMs":null,"retryAfterInMs":null,"exceptionMessage":"failed to establish connection to cdb-ms-prod-westus3-be41.documents.azure.com/<unresolved>:11309 due to io.netty.channel.ConnectTimeoutException: connection timed out after 5000 ms: cdb-ms-prod-westus3-be41.documents.azure.com/20.14.126.131:11309","exceptionResponseHeaders":"{x-ms-activity-id=5ba9d22a-7ee2-4be6-a809-0f90d1885349, x-ms-substatus=20001}","replicaStatusList":{"Ignoring":["11315:P:Unknown","11307:S:Unhealthy","11013:S:Unhealthy"],"Attempting":["11309:S:Unknown"]},"transportRequestTimeline":[{"eventName":"created","startTimeUTC":"2025-06-04T20:45:44.132014200Z","durationInMilliSecs":0.0},{"eventName":"queued","startTimeUTC":"2025-06-04T20:45:44.132014200Z","durationInMilliSecs":0.0},{"eventName":"channelAcquisitionStarted","startTimeUTC":"2025-06-04T20:45:44.132014200Z","durationInMilliSecs":5013.3352},{"eventName":"pipelined","startTimeUTC":null,"durationInMilliSecs":0.0},{"eventName":"transitTime","startTimeUTC":null,"durationInMilliSecs":0.0},{"eventName":"decodeTime","startTimeUTC":null,"durationInMilliSecs":0.0},{"eventName":"received","startTimeUTC":null,"durationInMilliSecs":0.0},{"eventName":"completed","startTimeUTC":"2025-06-04T20:45:49.145349400Z","durationInMilliSecs":0.0}],"transportRequestChannelAcquisitionContext":{"events":[{"poll":"2025-06-04T20:45:44.133014200Z","durationInMilliSecs":0.0},{"startNew":"2025-06-04T20:45:44.133014200Z","durationInMilliSecs":5011.3775},{"completeNew":"2025-06-04T20:45:49.144391700Z"}],"waitForChannelInit":true},"rntbdRequestLengthInBytes":-1,"rntbdResponseLengthInBytes":-1,"requestPayloadLengthInBytes":0,"responsePayloadLengthInBytes":-1,"channelStatistics":null,"serviceEndpointStatistics":{"availableChannels":0,"acquiredChannels":0,"executorTaskQueueSize":0,"inflightRequests":1,"lastSuccessfulRequestTime":"2025-06-04T20:45:44.132Z","lastRequestTime":"2025-06-04T20:45:44.132Z","createdTime":"2025-06-04T20:45:44.132014200Z","isClosed":false,"cerMetrics":{}}},"requestResponseTimeUTC":"2025-06-04T20:45:49.146400600Z","requestStartTimeUTC":"2025-06-04T20:45:44.132014200Z","requestResourceType":"Database","requestOperationType":"Read","requestSessionToken":null,"e2ePolicyCfg":null,"excludedRegions":null,"sessionTokenEvaluationResults":[],"locationToLocationSpecificHealthContext":{"v":null}},{"storeResult":{"storePhysicalAddress":"rntbd://cdb-ms-prod-westus3-be41.documents.azure.com:11315/apps/b4a754e2-efc3-4890-b885-c2fba20447a0/services/b395315b-74a0-40f3-909c-476b990ea2b4/partitions/c7536697-f3df-4582-b0a9-8a9fb5d433fe/replicas/133915815056156135p/","lsn":-1,"quorumAckedLSN":-1,"currentReplicaSetSize":-1,"globalCommittedLsn":-1,"partitionKeyRangeId":null,"isValid":false,"statusCode":410,"subStatusCode":20001,"isGone":true,"isNotFound":false,"isInvalidPartition":false,"isThroughputControlRequestRateTooLarge":false,"requestCharge":0.0,"itemLSN":-1,"sessionToken":null,"backendLatencyInMs":null,"retryAfterInMs":null,"exceptionMessage":"failed to establish connection to cdb-ms-prod-westus3-be41.documents.azure.com/<unresolved>:11315 due to io.netty.channel.ConnectTimeoutException: connection timed out after 5000 ms: cdb-ms-prod-westus3-be41.documents.azure.com/20.14.126.131:11315","exceptionResponseHeaders":"{x-ms-activity-id=5ba9d22a-7ee2-4be6-a809-0f90d1885349, x-ms-substatus=20001}","replicaStatusList":{"Ignoring":["11307:S:Unhealthy","11013:S:Unhealthy","11309:S:Unhealthy"],"Attempting":["11315:P:Unknown"]},"transportRequestTimeline":[{"eventName":"created","startTimeUTC":"2025-06-04T20:45:49.168737200Z","durationInMilliSecs":0.0},{"eventName":"queued","startTimeUTC":"2025-06-04T20:45:49.168737200Z","durationInMilliSecs":0.0},{"eventName":"channelAcquisitionStarted","startTimeUTC":"2025-06-04T20:45:49.168737200Z","durationInMilliSecs":5016.0506},{"eventName":"pipelined","startTimeUTC":null,"durationInMilliSecs":0.0},{"eventName":"transitTime","startTimeUTC":null,"durationInMilliSecs":0.0},{"eventName":"decodeTime","startTimeUTC":null,"durationInMilliSecs":0.0},{"eventName":"received","startTimeUTC":null,"durationInMilliSecs":0.0},{"eventName":"completed","startTimeUTC":"2025-06-04T20:45:54.184787800Z","durationInMilliSecs":0.0}],"transportRequestChannelAcquisitionContext":{"events":[{"poll":"2025-06-04T20:45:49.169753600Z","durationInMilliSecs":0.0},{"startNew":"2025-06-04T20:45:49.169753600Z","durationInMilliSecs":5014.4272},{"completeNew":"2025-06-04T20:45:54.184180800Z"}],"waitForChannelInit":true},"rntbdRequestLengthInBytes":-1,"rntbdResponseLengthInBytes":-1,"requestPayloadLengthInBytes":0,"responsePayloadLengthInBytes":-1,"channelStatistics":null,"serviceEndpointStatistics":{"availableChannels":0,"acquiredChannels":0,"executorTaskQueueSize":0,"inflightRequests":1,"lastSuccessfulRequestTime":"2025-06-04T20:45:49.168Z","lastRequestTime":"2025-06-04T20:45:49.168Z","createdTime":"2025-06-04T20:45:49.168737200Z","isClosed":false,"cerMetrics":{}}},"requestResponseTimeUTC":"2025-06-04T20:45:54.184787800Z","requestStartTimeUTC":"2025-06-04T20:45:49.168737200Z","requestResourceType":"Database","requestOperationType":"Read","requestSessionToken":null,"e2ePolicyCfg":null,"excludedRegions":null,"sessionTokenEvaluationResults":[],"locationToLocationSpecificHealthContext":{"v":null}},{"storeResult":{"storePhysicalAddress":"rntbd://cdb-ms-prod-westus3-be41.documents.azure.com:11309/apps/b4a754e2-efc3-4890-b885-c2fba20447a0/services/b395315b-74a0-40f3-909c-476b990ea2b4/partitions/c7536697-f3df-4582-b0a9-8a9fb5d433fe/replicas/133915815056156133s/","lsn":0,"quorumAckedLSN":-1,"currentReplicaSetSize":-1,"globalCommittedLsn":-1,"partitionKeyRangeId":null,"isValid":false,"statusCode":410,"subStatusCode":20001,"isGone":true,"isNotFound":false,"isInvalidPartition":false,"isThroughputControlRequestRateTooLarge":false,"requestCharge":0.0,"itemLSN":-1,"sessionToken":null,"backendLatencyInMs":null,"retryAfterInMs":null,"exceptionMessage":"failed to establish connection to cdb-ms-prod-westus3-be41.documents.azure.com/<unresolved>:11309 due to io.netty.channel.ConnectTimeoutException: connection timed out after 5000 ms: cdb-ms-prod-westus3-be41.documents.azure.com/20.14.126.131:11309","exceptionResponseHeaders":"{x-ms-activity-id=5ba9d22a-7ee2-4be6-a809-0f90d1885349, x-ms-substatus=20001}","replicaStatusList":{"Ignoring":["11315:P:Unknown"],"Attempting":["11013:S:Unknown","11307:S:Unknown","11309:S:Unknown"]},"transportRequestTimeline":[{"eventName":"created","startTimeUTC":"2025-06-04T20:45:54.307237300Z","durationInMilliSecs":0.9605},{"eventName":"queued","startTimeUTC":"2025-06-04T20:45:54.308197800Z","durationInMilliSecs":0.0},{"eventName":"channelAcquisitionStarted","startTimeUTC":"2025-06-04T20:45:54.308197800Z","durationInMilliSecs":5011.8224},{"eventName":"pipelined","startTimeUTC":null,"durationInMilliSecs":0.0},{"eventName":"transitTime","startTimeUTC":null,"durationInMilliSecs":0.0},{"eventName":"decodeTime","startTimeUTC":null,"durationInMilliSecs":0.0},{"eventName":"received","startTimeUTC":null,"durationInMilliSecs":0.0},{"eventName":"completed","startTimeUTC":"2025-06-04T20:45:59.320020200Z","durationInMilliSecs":0.0}],"transportRequestChannelAcquisitionContext":{"events":[{"poll":"2025-06-04T20:45:54.308197800Z","durationInMilliSecs":0.0},{"startNew":"2025-06-04T20:45:54.308197800Z","durationInMilliSecs":5011.8224},{"completeNew":"2025-06-04T20:45:59.320020200Z"}],"waitForChannelInit":true},"rntbdRequestLengthInBytes":-1,"rntbdResponseLengthInBytes":-1,"requestPayloadLengthInBytes":0,"responsePayloadLengthInBytes":-1,"channelStatistics":null,"serviceEndpointStatistics":{"availableChannels":0,"acquiredChannels":0,"executorTaskQueueSize":0,"inflightRequests":1,"lastSuccessfulRequestTime":"2025-06-04T20:45:44.132Z","lastRequestTime":"2025-06-04T20:45:44.132Z","createdTime":"2025-06-04T20:45:44.132014200Z","isClosed":false,"cerMetrics":{"lastCallTimestamp":"2025-06-04T20:45:49.142311Z","lastActionableContext":"(2025-06-04T20:45:49.142311Z,1)"}}},"requestResponseTimeUTC":"2025-06-04T20:45:59.321009200Z","requestStartTimeUTC":"2025-06-04T20:45:54.307237300Z","requestResourceType":"Database","requestOperationType":"Read","requestSessionToken":null,"e2ePolicyCfg":null,"excludedRegions":null,"sessionTokenEvaluationResults":[],"locationToLocationSpecificHealthContext":{"v":null}},{"storeResult":{"storePhysicalAddress":"rntbd://cdb-ms-prod-westus3-be41.documents.azure.com:11307/apps/b4a754e2-efc3-4890-b885-c2fba20447a0/services/b395315b-74a0-40f3-909c-476b990ea2b4/partitions/c7536697-f3df-4582-b0a9-8a9fb5d433fe/replicas/133915815056156134s/","lsn":0,"quorumAckedLSN":-1,"currentReplicaSetSize":-1,"globalCommittedLsn":-1,"partitionKeyRangeId":null,"isValid":false,"statusCode":410,"subStatusCode":20001,"isGone":true,"isNotFound":false,"isInvalidPartition":false,"isThroughputControlRequestRateTooLarge":false,"requestCharge":0.0,"itemLSN":-1,"sessionToken":null,"backendLatencyInMs":null,"retryAfterInMs":null,"exceptionMessage":"failed to establish connection to cdb-ms-prod-westus3-be41.documents.azure.com/<unresolved>:11307 due to io.netty.channel.ConnectTimeoutException: connection timed out after 5000 ms: cdb-ms-prod-westus3-be41.documents.azure.com/20.14.126.131:11307","exceptionResponseHeaders":"{x-ms-activity-id=5ba9d22a-7ee2-4be6-a809-0f90d1885349, x-ms-substatus=20001}","replicaStatusList":{"Ignoring":["11315:P:Unknown"],"Attempting":["11013:S:Unknown","11307:S:Unknown","11309:S:Unknown"]},"transportRequestTimeline":[{"eventName":"created","startTimeUTC":"2025-06-04T20:45:54.308197800Z","durationInMilliSecs":0.0},{"eventName":"queued","startTimeUTC":"2025-06-04T20:45:54.308197800Z","durationInMilliSecs":0.0},{"eventName":"channelAcquisitionStarted","startTimeUTC":"2025-06-04T20:45:54.308197800Z","durationInMilliSecs":5012.8114},{"eventName":"pipelined","startTimeUTC":null,"durationInMilliSecs":0.0},{"eventName":"transitTime","startTimeUTC":null,"durationInMilliSecs":0.0},{"eventName":"decodeTime","startTimeUTC":null,"durationInMilliSecs":0.0},{"eventName":"received","startTimeUTC":null,"durationInMilliSecs":0.0},{"eventName":"completed","startTimeUTC":"2025-06-04T20:45:59.321009200Z","durationInMilliSecs":0.0}],"transportRequestChannelAcquisitionContext":{"events":[{"poll":"2025-06-04T20:45:54.308197800Z","durationInMilliSecs":0.0},{"startNew":"2025-06-04T20:45:54.308197800Z","durationInMilliSecs":5011.8224},{"completeNew":"2025-06-04T20:45:59.320020200Z"}],"waitForChannelInit":true},"rntbdRequestLengthInBytes":-1,"rntbdResponseLengthInBytes":-1,"requestPayloadLengthInBytes":0,"responsePayloadLengthInBytes":-1,"channelStatistics":null,"serviceEndpointStatistics":{"availableChannels":0,"acquiredChannels":0,"executorTaskQueueSize":0,"inflightRequests":1,"lastSuccessfulRequestTime":"2025-06-04T20:45:39.017Z","lastRequestTime":"2025-06-04T20:45:39.017Z","createdTime":"2025-06-04T20:45:39.017390800Z","isClosed":false,"cerMetrics":{"lastCallTimestamp":"2025-06-04T20:45:44.101797300Z","lastActionableContext":"(2025-06-04T20:45:44.101797300Z,1)"}}},"requestResponseTimeUTC":"2025-06-04T20:45:59.321009200Z","requestStartTimeUTC":"2025-06-04T20:45:54.308197800Z","requestResourceType":"Database","requestOperationType":"Read","requestSessionToken":null,"e2ePolicyCfg":null,"excludedRegions":null,"sessionTokenEvaluationResults":[],"locationToLocationSpecificHealthContext":{"v":null}},{"storeResult":{"storePhysicalAddress":"rntbd://cdb-ms-prod-westus3-be41.documents.azure.com:11013/apps/b4a754e2-efc3-4890-b885-c2fba20447a0/services/b395315b-74a0-40f3-909c-476b990ea2b4/partitions/c7536697-f3df-4582-b0a9-8a9fb5d433fe/replicas/133915815012093458s/","lsn":0,"quorumAckedLSN":-1,"currentReplicaSetSize":-1,"globalCommittedLsn":-1,"partitionKeyRangeId":null,"isValid":false,"statusCode":410,"subStatusCode":20001,"isGone":true,"isNotFound":false,"isInvalidPartition":false,"isThroughputControlRequestRateTooLarge":false,"requestCharge":0.0,"itemLSN":-1,"sessionToken":null,"backendLatencyInMs":null,"retryAfterInMs":null,"exceptionMessage":"failed to establish connection to cdb-ms-prod-westus3-be41.documents.azure.com/<unresolved>:11013 due to io.netty.channel.ConnectTimeoutException: connection timed out after 5000 ms: cdb-ms-prod-westus3-be41.documents.azure.com/20.14.126.131:11013","exceptionResponseHeaders":"{x-ms-activity-id=5ba9d22a-7ee2-4be6-a809-0f90d1885349, x-ms-substatus=20001}","replicaStatusList":{"Ignoring":["11315:P:Unknown","11307:S:Unhealthy","11309:S:Unhealthy"],"Attempting":["11013:S:Unknown"]},"transportRequestTimeline":[{"eventName":"created","startTimeUTC":"2025-06-04T20:45:59.321009200Z","durationInMilliSecs":0.0},{"eventName":"queued","startTimeUTC":"2025-06-04T20:45:59.321009200Z","durationInMilliSecs":0.0},{"eventName":"channelAcquisitionStarted","startTimeUTC":"2025-06-04T20:45:59.321009200Z","durationInMilliSecs":5006.8154},{"eventName":"pipelined","startTimeUTC":null,"durationInMilliSecs":0.0},{"eventName":"transitTime","startTimeUTC":null,"durationInMilliSecs":0.0},{"eventName":"decodeTime","startTimeUTC":null,"durationInMilliSecs":0.0},{"eventName":"received","startTimeUTC":null,"durationInMilliSecs":0.0},{"eventName":"completed","startTimeUTC":"2025-06-04T20:46:04.327824600Z","durationInMilliSecs":0.0}],"transportRequestChannelAcquisitionContext":{"events":[{"poll":"2025-06-04T20:45:59.321009200Z","durationInMilliSecs":0.0},{"startNew":"2025-06-04T20:45:59.321009200Z","durationInMilliSecs":5006.8154},{"completeNew":"2025-06-04T20:46:04.327824600Z"}],"waitForChannelInit":true},"rntbdRequestLengthInBytes":-1,"rntbdResponseLengthInBytes":-1,"requestPayloadLengthInBytes":0,"responsePayloadLengthInBytes":-1,"channelStatistics":null,"serviceEndpointStatistics":{"availableChannels":0,"acquiredChannels":0,"executorTaskQueueSize":0,"inflightRequests":1,"lastSuccessfulRequestTime":"2025-06-04T20:45:38.994Z","lastRequestTime":"2025-06-04T20:45:38.986Z","createdTime":"2025-06-04T20:45:38.993924Z","isClosed":false,"cerMetrics":{"lastCallTimestamp":"2025-06-04T20:45:44.101797300Z","lastActionableContext":"(2025-06-04T20:45:44.101797300Z,1)"}}},"requestResponseTimeUTC":"2025-06-04T20:46:04.328821700Z","requestStartTimeUTC":"2025-06-04T20:45:59.321009200Z","requestResourceType":"Database","requestOperationType":"Read","requestSessionToken":null,"e2ePolicyCfg":null,"excludedRegions":null,"sessionTokenEvaluationResults":[],"locationToLocationSpecificHealthContext":{"v":null}},{"storeResult":{"storePhysicalAddress":"rntbd://cdb-ms-prod-westus3-be41.documents.azure.com:11315/apps/b4a754e2-efc3-4890-b885-c2fba20447a0/services/b395315b-74a0-40f3-909c-476b990ea2b4/partitions/c7536697-f3df-4582-b0a9-8a9fb5d433fe/replicas/133915815056156135p/","lsn":-1,"quorumAckedLSN":-1,"currentReplicaSetSize":-1,"globalCommittedLsn":-1,"partitionKeyRangeId":null,"isValid":false,"statusCode":410,"subStatusCode":20001,"isGone":true,"isNotFound":false,"isInvalidPartition":false,"isThroughputControlRequestRateTooLarge":false,"requestCharge":0.0,"itemLSN":-1,"sessionToken":null,"backendLatencyInMs":null,"retryAfterInMs":null,"exceptionMessage":"failed to establish connection to cdb-ms-prod-westus3-be41.documents.azure.com/<unresolved>:11315 due to io.netty.channel.ConnectTimeoutException: connection timed out after 5000 ms: cdb-ms-prod-westus3-be41.documents.azure.com/20.14.126.131:11315","exceptionResponseHeaders":"{x-ms-activity-id=5ba9d22a-7ee2-4be6-a809-0f90d1885349, x-ms-substatus=20001}","replicaStatusList":{"Ignoring":["11307:S:Unhealthy","11013:S:Unhealthy","11309:S:Unhealthy"],"Attempting":["11315:P:Unknown"]},"transportRequestTimeline":[{"eventName":"created","startTimeUTC":"2025-06-04T20:46:04.328821700Z","durationInMilliSecs":0.0},{"eventName":"queued","startTimeUTC":"2025-06-04T20:46:04.328821700Z","durationInMilliSecs":0.0},{"eventName":"channelAcquisitionStarted","startTimeUTC":"2025-06-04T20:46:04.328821700Z","durationInMilliSecs":5015.1808},{"eventName":"pipelined","startTimeUTC":null,"durationInMilliSecs":0.0},{"eventName":"transitTime","startTimeUTC":null,"durationInMilliSecs":0.0},{"eventName":"decodeTime","startTimeUTC":null,"durationInMilliSecs":0.0},{"eventName":"received","startTimeUTC":null,"durationInMilliSecs":0.0},{"eventName":"completed","startTimeUTC":"2025-06-04T20:46:09.344002500Z","durationInMilliSecs":0.0}],"transportRequestChannelAcquisitionContext":{"events":[{"poll":"2025-06-04T20:46:04.328821700Z","durationInMilliSecs":0.0},{"startNew":"2025-06-04T20:46:04.328821700Z","durationInMilliSecs":5014.1777},{"completeNew":"2025-06-04T20:46:09.342999400Z"}],"waitForChannelInit":true},"rntbdRequestLengthInBytes":-1,"rntbdResponseLengthInBytes":-1,"requestPayloadLengthInBytes":0,"responsePayloadLengthInBytes":-1,"channelStatistics":null,"serviceEndpointStatistics":{"availableChannels":0,"acquiredChannels":0,"executorTaskQueueSize":0,"inflightRequests":1,"lastSuccessfulRequestTime":"2025-06-04T20:45:49.168Z","lastRequestTime":"2025-06-04T20:45:49.168Z","createdTime":"2025-06-04T20:45:49.168737200Z","isClosed":false,"cerMetrics":{"lastCallTimestamp":"2025-06-04T20:45:54.182094100Z","lastActionableContext":"(2025-06-04T20:45:54.182094100Z,1)"}}},"requestResponseTimeUTC":"2025-06-04T20:46:09.344002500Z","requestStartTimeUTC":"2025-06-04T20:46:04.328821700Z","requestResourceType":"Database","requestOperationType":"Read","requestSessionToken":null,"e2ePolicyCfg":null,"excludedRegions":null,"sessionTokenEvaluationResults":[],"locationToLocationSpecificHealthContext":{"v":null}}],"supplementalResponseStatisticsList":[],"addressResolutionStatistics":{"8aa9dd1f-3ab2-4f5e-ae90-09c498116f6e":{"startTimeUTC":"2025-06-04T20:45:38.458108100Z","endTimeUTC":"2025-06-04T20:45:38.950920700Z","targetEndpoint":"https://facturacioncosmosdb-westus3.documents.azure.com:443/addresses/?$resolveFor=dbs&$filter=protocol%20eq%20rntbd","exceptionMessage":null,"forceRefresh":true,"forceCollectionRoutingMapRefresh":true,"inflightRequest":false},"438314b6-3c2c-4dec-b289-dfaee49d6657":{"startTimeUTC":"2025-06-04T20:45:54.188430500Z","endTimeUTC":"2025-06-04T20:45:54.306239Z","targetEndpoint":"https://facturacioncosmosdb-westus3.documents.azure.com:443/addresses/?$resolveFor=dbs&$filter=protocol%20eq%20rntbd","exceptionMessage":null,"forceRefresh":true,"forceCollectionRoutingMapRefresh":true,"inflightRequest":false}},"regionsContacted":["west us 3"],"retryContext":{"statusAndSubStatusCodes":[[410,21009],[410,21009],[503,21009]],"retryCount":3,"retryLatency":15160},"metadataDiagnosticsContext":{"metadataDiagnosticList":[{"metaDataName":"MASTER_ADDRESS_LOOK_UP","startTimeUTC":"2025-06-04T20:45:38.458108100Z","endTimeUTC":"2025-06-04T20:45:38.948965900Z","durationinMS":490},{"metaDataName":"MASTER_ADDRESS_LOOK_UP","startTimeUTC":"2025-06-04T20:45:54.188430500Z","endTimeUTC":"2025-06-04T20:45:54.306239Z","durationinMS":117}]},"serializationDiagnosticsContext":{"serializationDiagnosticsList":null},"gatewayStatisticsList":[],"samplingRateSnapshot":1.0,"bloomFilterInsertionCountSnapshot":0,"systemInformation":{"usedMemory":"44508 KB","availableMemory":"3052068 KB","systemCpuLoad":"(2025-06-04T20:45:42.467076Z 3.3%), (2025-06-04T20:45:47.480815600Z 2.1%), (2025-06-04T20:45:52.467394900Z 2.1%), (2025-06-04T20:45:57.467218Z 2.3%), (2025-06-04T20:46:02.476947200Z 1.9%), (2025-06-04T20:46:07.470915500Z 1.6%)","availableProcessors":12},"clientCfgs":{"id":1,"machineId":"uuid:fade444e-41d4-4bcc-a079-df2b8b43d1f3","connectionMode":"DIRECT","numberOfClients":1,"excrgns":"[]","clientEndpoints":{"https://facturacioncosmosdb.documents.azure.com:443/":1},"connCfg":{"rntbd":"(cto:PT5S, nrto:PT5S, icto:PT0S, ieto:PT1H, mcpe:130, mrpc:30, cer:true)","gw":"(cps:1000, nrto:PT1M, icto:PT1M, cto:PT45S, p:false)","other":"(ed: true, cs: false, rv: true)"},"consistencyCfg":"(consistency: null, mm: true, prgns: [])","proactiveInitCfg":"","e2ePolicyCfg":"","sessionRetryCfg":"","partitionLevelCircuitBreakerCfg":"(cb: false, type: CONSECUTIVE_EXCEPTION_COUNT_BASED, rexcntt: 10, wexcntt: 5)"}}}
	at com.azure.spring.data.cosmos.exception.CosmosExceptionUtils.exceptionHandler(CosmosExceptionUtils.java:87)
	at com.azure.spring.data.cosmos.core.ReactiveCosmosTemplate.lambda$createContainerIfNotExists$0(ReactiveCosmosTemplate.java:187)
	at reactor.core.publisher.FluxOnErrorResume$ResumeSubscriber.onError(FluxOnErrorResume.java:94)
	at reactor.core.publisher.MonoPublishOn$PublishOnSubscriber.run(MonoPublishOn.java:187)
	at reactor.core.scheduler.SchedulerTask.call(SchedulerTask.java:68)
	at reactor.core.scheduler.SchedulerTask.call(SchedulerTask.java:28)
	at java.base/java.util.concurrent.FutureTask.run(FutureTask.java:317)
	at java.base/java.util.concurrent.ScheduledThreadPoolExecutor$ScheduledFutureTask.run(ScheduledThreadPoolExecutor.java:304)
	at java.base/java.util.concurrent.ThreadPoolExecutor.runWorker(ThreadPoolExecutor.java:1144)
	at java.base/java.util.concurrent.ThreadPoolExecutor$Worker.run(ThreadPoolExecutor.java:642)
	at java.base/java.lang.Thread.run(Thread.java:1575)
	Suppressed: {"ClassName":"ServiceUnavailableException","userAgent":"azsdk-java-cosmos/4.68.0 Windows10/10.0 JRE/23.0.1","statusCode":503,"resourceAddress":null,"innerErrorMessage":"Service is currently unavailable, please retry after a while. More info: https://aka.ms/cosmosdb-tsg-service-unavailable-java: Message: {\"innerErrorMessage\":\"The requested resource is no longer available at the server.\"}","causeInfo":"[class: class com.azure.cosmos.implementation.GoneException, message: {\"innerErrorMessage\":\"The requested resource is no longer available at the server.\"}]","responseHeaders":"{x-ms-substatus=21009}","cosmosDiagnostics":{"userAgent":"azsdk-java-cosmos/4.68.0 Windows10/10.0 JRE/23.0.1 az-sd-cos/5.22.0az-sp-cos/5.22.0","activityId":"5ba9d22a-7ee2-4be6-a809-0f90d1885349","requestLatencyInMs":30907,"requestStartTimeUTC":"2025-06-04T20:45:38.436108200Z","requestEndTimeUTC":"2025-06-04T20:46:09.344002500Z","responseStatisticsList":[{"storeResult":{"storePhysicalAddress":"rntbd://cdb-ms-prod-westus3-be41.documents.azure.com:11307/apps/b4a754e2-efc3-4890-b885-c2fba20447a0/services/b395315b-74a0-40f3-909c-476b990ea2b4/partitions/c7536697-f3df-4582-b0a9-8a9fb5d433fe/replicas/133915815056156134s/","lsn":0,"quorumAckedLSN":-1,"currentReplicaSetSize":-1,"globalCommittedLsn":-1,"partitionKeyRangeId":null,"isValid":false,"statusCode":410,"subStatusCode":20001,"isGone":true,"isNotFound":false,"isInvalidPartition":false,"isThroughputControlRequestRateTooLarge":false,"requestCharge":0.0,"itemLSN":-1,"sessionToken":null,"backendLatencyInMs":null,"retryAfterInMs":null,"exceptionMessage":"failed to establish connection to cdb-ms-prod-westus3-be41.documents.azure.com/<unresolved>:11307 due to io.netty.channel.ConnectTimeoutException: connection timed out after 5000 ms: cdb-ms-prod-westus3-be41.documents.azure.com/20.14.126.131:11307","exceptionResponseHeaders":"{x-ms-activity-id=5ba9d22a-7ee2-4be6-a809-0f90d1885349, x-ms-substatus=20001}","replicaStatusList":{"Ignoring":["11315:P:Unknown"],"Attempting":["11013:S:Unknown","11307:S:Unknown","11309:S:Unknown"]},"transportRequestTimeline":[{"eventName":"created","startTimeUTC":"2025-06-04T20:45:39.017390800Z","durationInMilliSecs":1.0001},{"eventName":"queued","startTimeUTC":"2025-06-04T20:45:39.018390900Z","durationInMilliSecs":0.0},{"eventName":"channelAcquisitionStarted","startTimeUTC":"2025-06-04T20:45:39.018390900Z","durationInMilliSecs":5110.6232},{"eventName":"pipelined","startTimeUTC":null,"durationInMilliSecs":0.0},{"eventName":"transitTime","startTimeUTC":null,"durationInMilliSecs":0.0},{"eventName":"decodeTime","startTimeUTC":null,"durationInMilliSecs":0.0},{"eventName":"received","startTimeUTC":null,"durationInMilliSecs":0.0},{"eventName":"completed","startTimeUTC":"2025-06-04T20:45:44.129014100Z","durationInMilliSecs":0.0}],"transportRequestChannelAcquisitionContext":{"events":[{"poll":"2025-06-04T20:45:39.018390900Z","durationInMilliSecs":0.0},{"startNew":"2025-06-04T20:45:39.018390900Z","durationInMilliSecs":5093.0589},{"completeNew":"2025-06-04T20:45:44.111449800Z"}],"waitForChannelInit":true},"rntbdRequestLengthInBytes":-1,"rntbdResponseLengthInBytes":-1,"requestPayloadLengthInBytes":0,"responsePayloadLengthInBytes":-1,"channelStatistics":null,"serviceEndpointStatistics":{"availableChannels":0,"acquiredChannels":0,"executorTaskQueueSize":0,"inflightRequests":1,"lastSuccessfulRequestTime":"2025-06-04T20:45:39.017Z","lastRequestTime":"2025-06-04T20:45:39.017Z","createdTime":"2025-06-04T20:45:39.017390800Z","isClosed":false,"cerMetrics":{}}},"requestResponseTimeUTC":"2025-06-04T20:45:44.131016200Z","requestStartTimeUTC":"2025-06-04T20:45:39.017390800Z","requestResourceType":"Database","requestOperationType":"Read","requestSessionToken":null,"e2ePolicyCfg":null,"excludedRegions":null,"sessionTokenEvaluationResults":[],"locationToLocationSpecificHealthContext":{"v":null}},{"storeResult":{"storePhysicalAddress":"rntbd://cdb-ms-prod-westus3-be41.documents.azure.com:11013/apps/b4a754e2-efc3-4890-b885-c2fba20447a0/services/b395315b-74a0-40f3-909c-476b990ea2b4/partitions/c7536697-f3df-4582-b0a9-8a9fb5d433fe/replicas/133915815012093458s/","lsn":0,"quorumAckedLSN":-1,"currentReplicaSetSize":-1,"globalCommittedLsn":-1,"partitionKeyRangeId":null,"isValid":false,"statusCode":410,"subStatusCode":20001,"isGone":true,"isNotFound":false,"isInvalidPartition":false,"isThroughputControlRequestRateTooLarge":false,"requestCharge":0.0,"itemLSN":-1,"sessionToken":null,"backendLatencyInMs":null,"retryAfterInMs":null,"exceptionMessage":"failed to establish connection to cdb-ms-prod-westus3-be41.documents.azure.com/<unresolved>:11013 due to io.netty.channel.ConnectTimeoutException: connection timed out after 5000 ms: cdb-ms-prod-westus3-be41.documents.azure.com/20.14.126.131:11013","exceptionResponseHeaders":"{x-ms-activity-id=5ba9d22a-7ee2-4be6-a809-0f90d1885349, x-ms-substatus=20001}","replicaStatusList":{"Ignoring":["11315:P:Unknown"],"Attempting":["11013:S:Unknown","11307:S:Unknown","11309:S:Unknown"]},"transportRequestTimeline":[{"eventName":"created","startTimeUTC":"2025-06-04T20:45:38.985925600Z","durationInMilliSecs":29.4668},{"eventName":"queued","startTimeUTC":"2025-06-04T20:45:39.015392400Z","durationInMilliSecs":0.0},{"eventName":"channelAcquisitionStarted","startTimeUTC":"2025-06-04T20:45:39.015392400Z","durationInMilliSecs":5113.6217},{"eventName":"pipelined","startTimeUTC":null,"durationInMilliSecs":0.0},{"eventName":"transitTime","startTimeUTC":null,"durationInMilliSecs":0.0},{"eventName":"decodeTime","startTimeUTC":null,"durationInMilliSecs":0.0},{"eventName":"received","startTimeUTC":null,"durationInMilliSecs":0.0},{"eventName":"completed","startTimeUTC":"2025-06-04T20:45:44.129014100Z","durationInMilliSecs":0.0}],"transportRequestChannelAcquisitionContext":{"events":[{"poll":"2025-06-04T20:45:39.016392300Z","durationInMilliSecs":0.0},{"startNew":"2025-06-04T20:45:39.017390800Z","durationInMilliSecs":5094.059},{"completeNew":"2025-06-04T20:45:44.111449800Z"}],"waitForChannelInit":true},"rntbdRequestLengthInBytes":-1,"rntbdResponseLengthInBytes":-1,"requestPayloadLengthInBytes":0,"responsePayloadLengthInBytes":-1,"channelStatistics":null,"serviceEndpointStatistics":{"availableChannels":0,"acquiredChannels":0,"executorTaskQueueSize":0,"inflightRequests":1,"lastSuccessfulRequestTime":"2025-06-04T20:45:38.994Z","lastRequestTime":"2025-06-04T20:45:38.994Z","createdTime":"2025-06-04T20:45:38.993924Z","isClosed":false,"cerMetrics":{}}},"requestResponseTimeUTC":"2025-06-04T20:45:44.131016200Z","requestStartTimeUTC":"2025-06-04T20:45:38.985925600Z","requestResourceType":"Database","requestOperationType":"Read","requestSessionToken":null,"e2ePolicyCfg":null,"excludedRegions":null,"sessionTokenEvaluationResults":[],"locationToLocationSpecificHealthContext":{"v":null}},{"storeResult":{"storePhysicalAddress":"rntbd://cdb-ms-prod-westus3-be41.documents.azure.com:11309/apps/b4a754e2-efc3-4890-b885-c2fba20447a0/services/b395315b-74a0-40f3-909c-476b990ea2b4/partitions/c7536697-f3df-4582-b0a9-8a9fb5d433fe/replicas/133915815056156133s/","lsn":0,"quorumAckedLSN":-1,"currentReplicaSetSize":-1,"globalCommittedLsn":-1,"partitionKeyRangeId":null,"isValid":false,"statusCode":410,"subStatusCode":20001,"isGone":true,"isNotFound":false,"isInvalidPartition":false,"isThroughputControlRequestRateTooLarge":false,"requestCharge":0.0,"itemLSN":-1,"sessionToken":null,"backendLatencyInMs":null,"retryAfterInMs":null,"exceptionMessage":"failed to establish connection to cdb-ms-prod-westus3-be41.documents.azure.com/<unresolved>:11309 due to io.netty.channel.ConnectTimeoutException: connection timed out after 5000 ms: cdb-ms-prod-westus3-be41.documents.azure.com/20.14.126.131:11309","exceptionResponseHeaders":"{x-ms-activity-id=5ba9d22a-7ee2-4be6-a809-0f90d1885349, x-ms-substatus=20001}","replicaStatusList":{"Ignoring":["11315:P:Unknown","11307:S:Unhealthy","11013:S:Unhealthy"],"Attempting":["11309:S:Unknown"]},"transportRequestTimeline":[{"eventName":"created","startTimeUTC":"2025-06-04T20:45:44.132014200Z","durationInMilliSecs":0.0},{"eventName":"queued","startTimeUTC":"2025-06-04T20:45:44.132014200Z","durationInMilliSecs":0.0},{"eventName":"channelAcquisitionStarted","startTimeUTC":"2025-06-04T20:45:44.132014200Z","durationInMilliSecs":5013.3352},{"eventName":"pipelined","startTimeUTC":null,"durationInMilliSecs":0.0},{"eventName":"transitTime","startTimeUTC":null,"durationInMilliSecs":0.0},{"eventName":"decodeTime","startTimeUTC":null,"durationInMilliSecs":0.0},{"eventName":"received","startTimeUTC":null,"durationInMilliSecs":0.0},{"eventName":"completed","startTimeUTC":"2025-06-04T20:45:49.145349400Z","durationInMilliSecs":0.0}],"transportRequestChannelAcquisitionContext":{"events":[{"poll":"2025-06-04T20:45:44.133014200Z","durationInMilliSecs":0.0},{"startNew":"2025-06-04T20:45:44.133014200Z","durationInMilliSecs":5011.3775},{"completeNew":"2025-06-04T20:45:49.144391700Z"}],"waitForChannelInit":true},"rntbdRequestLengthInBytes":-1,"rntbdResponseLengthInBytes":-1,"requestPayloadLengthInBytes":0,"responsePayloadLengthInBytes":-1,"channelStatistics":null,"serviceEndpointStatistics":{"availableChannels":0,"acquiredChannels":0,"executorTaskQueueSize":0,"inflightRequests":1,"lastSuccessfulRequestTime":"2025-06-04T20:45:44.132Z","lastRequestTime":"2025-06-04T20:45:44.132Z","createdTime":"2025-06-04T20:45:44.132014200Z","isClosed":false,"cerMetrics":{}}},"requestResponseTimeUTC":"2025-06-04T20:45:49.146400600Z","requestStartTimeUTC":"2025-06-04T20:45:44.132014200Z","requestResourceType":"Database","requestOperationType":"Read","requestSessionToken":null,"e2ePolicyCfg":null,"excludedRegions":null,"sessionTokenEvaluationResults":[],"locationToLocationSpecificHealthContext":{"v":null}},{"storeResult":{"storePhysicalAddress":"rntbd://cdb-ms-prod-westus3-be41.documents.azure.com:11315/apps/b4a754e2-efc3-4890-b885-c2fba20447a0/services/b395315b-74a0-40f3-909c-476b990ea2b4/partitions/c7536697-f3df-4582-b0a9-8a9fb5d433fe/replicas/133915815056156135p/","lsn":-1,"quorumAckedLSN":-1,"currentReplicaSetSize":-1,"globalCommittedLsn":-1,"partitionKeyRangeId":null,"isValid":false,"statusCode":410,"subStatusCode":20001,"isGone":true,"isNotFound":false,"isInvalidPartition":false,"isThroughputControlRequestRateTooLarge":false,"requestCharge":0.0,"itemLSN":-1,"sessionToken":null,"backendLatencyInMs":null,"retryAfterInMs":null,"exceptionMessage":"failed to establish connection to cdb-ms-prod-westus3-be41.documents.azure.com/<unresolved>:11315 due to io.netty.channel.ConnectTimeoutException: connection timed out after 5000 ms: cdb-ms-prod-westus3-be41.documents.azure.com/20.14.126.131:11315","exceptionResponseHeaders":"{x-ms-activity-id=5ba9d22a-7ee2-4be6-a809-0f90d1885349, x-ms-substatus=20001}","replicaStatusList":{"Ignoring":["11307:S:Unhealthy","11013:S:Unhealthy","11309:S:Unhealthy"],"Attempting":["11315:P:Unknown"]},"transportRequestTimeline":[{"eventName":"created","startTimeUTC":"2025-06-04T20:45:49.168737200Z","durationInMilliSecs":0.0},{"eventName":"queued","startTimeUTC":"2025-06-04T20:45:49.168737200Z","durationInMilliSecs":0.0},{"eventName":"channelAcquisitionStarted","startTimeUTC":"2025-06-04T20:45:49.168737200Z","durationInMilliSecs":5016.0506},{"eventName":"pipelined","startTimeUTC":null,"durationInMilliSecs":0.0},{"eventName":"transitTime","startTimeUTC":null,"durationInMilliSecs":0.0},{"eventName":"decodeTime","startTimeUTC":null,"durationInMilliSecs":0.0},{"eventName":"received","startTimeUTC":null,"durationInMilliSecs":0.0},{"eventName":"completed","startTimeUTC":"2025-06-04T20:45:54.184787800Z","durationInMilliSecs":0.0}],"transportRequestChannelAcquisitionContext":{"events":[{"poll":"2025-06-04T20:45:49.169753600Z","durationInMilliSecs":0.0},{"startNew":"2025-06-04T20:45:49.169753600Z","durationInMilliSecs":5014.4272},{"completeNew":"2025-06-04T20:45:54.184180800Z"}],"waitForChannelInit":true},"rntbdRequestLengthInBytes":-1,"rntbdResponseLengthInBytes":-1,"requestPayloadLengthInBytes":0,"responsePayloadLengthInBytes":-1,"channelStatistics":null,"serviceEndpointStatistics":{"availableChannels":0,"acquiredChannels":0,"executorTaskQueueSize":0,"inflightRequests":1,"lastSuccessfulRequestTime":"2025-06-04T20:45:49.168Z","lastRequestTime":"2025-06-04T20:45:49.168Z","createdTime":"2025-06-04T20:45:49.168737200Z","isClosed":false,"cerMetrics":{}}},"requestResponseTimeUTC":"2025-06-04T20:45:54.184787800Z","requestStartTimeUTC":"2025-06-04T20:45:49.168737200Z","requestResourceType":"Database","requestOperationType":"Read","requestSessionToken":null,"e2ePolicyCfg":null,"excludedRegions":null,"sessionTokenEvaluationResults":[],"locationToLocationSpecificHealthContext":{"v":null}},{"storeResult":{"storePhysicalAddress":"rntbd://cdb-ms-prod-westus3-be41.documents.azure.com:11309/apps/b4a754e2-efc3-4890-b885-c2fba20447a0/services/b395315b-74a0-40f3-909c-476b990ea2b4/partitions/c7536697-f3df-4582-b0a9-8a9fb5d433fe/replicas/133915815056156133s/","lsn":0,"quorumAckedLSN":-1,"currentReplicaSetSize":-1,"globalCommittedLsn":-1,"partitionKeyRangeId":null,"isValid":false,"statusCode":410,"subStatusCode":20001,"isGone":true,"isNotFound":false,"isInvalidPartition":false,"isThroughputControlRequestRateTooLarge":false,"requestCharge":0.0,"itemLSN":-1,"sessionToken":null,"backendLatencyInMs":null,"retryAfterInMs":null,"exceptionMessage":"failed to establish connection to cdb-ms-prod-westus3-be41.documents.azure.com/<unresolved>:11309 due to io.netty.channel.ConnectTimeoutException: connection timed out after 5000 ms: cdb-ms-prod-westus3-be41.documents.azure.com/20.14.126.131:11309","exceptionResponseHeaders":"{x-ms-activity-id=5ba9d22a-7ee2-4be6-a809-0f90d1885349, x-ms-substatus=20001}","replicaStatusList":{"Ignoring":["11315:P:Unknown"],"Attempting":["11013:S:Unknown","11307:S:Unknown","11309:S:Unknown"]},"transportRequestTimeline":[{"eventName":"created","startTimeUTC":"2025-06-04T20:45:54.307237300Z","durationInMilliSecs":0.9605},{"eventName":"queued","startTimeUTC":"2025-06-04T20:45:54.308197800Z","durationInMilliSecs":0.0},{"eventName":"channelAcquisitionStarted","startTimeUTC":"2025-06-04T20:45:54.308197800Z","durationInMilliSecs":5011.8224},{"eventName":"pipelined","startTimeUTC":null,"durationInMilliSecs":0.0},{"eventName":"transitTime","startTimeUTC":null,"durationInMilliSecs":0.0},{"eventName":"decodeTime","startTimeUTC":null,"durationInMilliSecs":0.0},{"eventName":"received","startTimeUTC":null,"durationInMilliSecs":0.0},{"eventName":"completed","startTimeUTC":"2025-06-04T20:45:59.320020200Z","durationInMilliSecs":0.0}],"transportRequestChannelAcquisitionContext":{"events":[{"poll":"2025-06-04T20:45:54.308197800Z","durationInMilliSecs":0.0},{"startNew":"2025-06-04T20:45:54.308197800Z","durationInMilliSecs":5011.8224},{"completeNew":"2025-06-04T20:45:59.320020200Z"}],"waitForChannelInit":true},"rntbdRequestLengthInBytes":-1,"rntbdResponseLengthInBytes":-1,"requestPayloadLengthInBytes":0,"responsePayloadLengthInBytes":-1,"channelStatistics":null,"serviceEndpointStatistics":{"availableChannels":0,"acquiredChannels":0,"executorTaskQueueSize":0,"inflightRequests":1,"lastSuccessfulRequestTime":"2025-06-04T20:45:44.132Z","lastRequestTime":"2025-06-04T20:45:44.132Z","createdTime":"2025-06-04T20:45:44.132014200Z","isClosed":false,"cerMetrics":{"lastCallTimestamp":"2025-06-04T20:45:49.142311Z","lastActionableContext":"(2025-06-04T20:45:49.142311Z,1)"}}},"requestResponseTimeUTC":"2025-06-04T20:45:59.321009200Z","requestStartTimeUTC":"2025-06-04T20:45:54.307237300Z","requestResourceType":"Database","requestOperationType":"Read","requestSessionToken":null,"e2ePolicyCfg":null,"excludedRegions":null,"sessionTokenEvaluationResults":[],"locationToLocationSpecificHealthContext":{"v":null}},{"storeResult":{"storePhysicalAddress":"rntbd://cdb-ms-prod-westus3-be41.documents.azure.com:11307/apps/b4a754e2-efc3-4890-b885-c2fba20447a0/services/b395315b-74a0-40f3-909c-476b990ea2b4/partitions/c7536697-f3df-4582-b0a9-8a9fb5d433fe/replicas/133915815056156134s/","lsn":0,"quorumAckedLSN":-1,"currentReplicaSetSize":-1,"globalCommittedLsn":-1,"partitionKeyRangeId":null,"isValid":false,"statusCode":410,"subStatusCode":20001,"isGone":true,"isNotFound":false,"isInvalidPartition":false,"isThroughputControlRequestRateTooLarge":false,"requestCharge":0.0,"itemLSN":-1,"sessionToken":null,"backendLatencyInMs":null,"retryAfterInMs":null,"exceptionMessage":"failed to establish connection to cdb-ms-prod-westus3-be41.documents.azure.com/<unresolved>:11307 due to io.netty.channel.ConnectTimeoutException: connection timed out after 5000 ms: cdb-ms-prod-westus3-be41.documents.azure.com/20.14.126.131:11307","exceptionResponseHeaders":"{x-ms-activity-id=5ba9d22a-7ee2-4be6-a809-0f90d1885349, x-ms-substatus=20001}","replicaStatusList":{"Ignoring":["11315:P:Unknown"],"Attempting":["11013:S:Unknown","11307:S:Unknown","11309:S:Unknown"]},"transportRequestTimeline":[{"eventName":"created","startTimeUTC":"2025-06-04T20:45:54.308197800Z","durationInMilliSecs":0.0},{"eventName":"queued","startTimeUTC":"2025-06-04T20:45:54.308197800Z","durationInMilliSecs":0.0},{"eventName":"channelAcquisitionStarted","startTimeUTC":"2025-06-04T20:45:54.308197800Z","durationInMilliSecs":5012.8114},{"eventName":"pipelined","startTimeUTC":null,"durationInMilliSecs":0.0},{"eventName":"transitTime","startTimeUTC":null,"durationInMilliSecs":0.0},{"eventName":"decodeTime","startTimeUTC":null,"durationInMilliSecs":0.0},{"eventName":"received","startTimeUTC":null,"durationInMilliSecs":0.0},{"eventName":"completed","startTimeUTC":"2025-06-04T20:45:59.321009200Z","durationInMilliSecs":0.0}],"transportRequestChannelAcquisitionContext":{"events":[{"poll":"2025-06-04T20:45:54.308197800Z","durationInMilliSecs":0.0},{"startNew":"2025-06-04T20:45:54.308197800Z","durationInMilliSecs":5011.8224},{"completeNew":"2025-06-04T20:45:59.320020200Z"}],"waitForChannelInit":true},"rntbdRequestLengthInBytes":-1,"rntbdResponseLengthInBytes":-1,"requestPayloadLengthInBytes":0,"responsePayloadLengthInBytes":-1,"channelStatistics":null,"serviceEndpointStatistics":{"availableChannels":0,"acquiredChannels":0,"executorTaskQueueSize":0,"inflightRequests":1,"lastSuccessfulRequestTime":"2025-06-04T20:45:39.017Z","lastRequestTime":"2025-06-04T20:45:39.017Z","createdTime":"2025-06-04T20:45:39.017390800Z","isClosed":false,"cerMetrics":{"lastCallTimestamp":"2025-06-04T20:45:44.101797300Z","lastActionableContext":"(2025-06-04T20:45:44.101797300Z,1)"}}},"requestResponseTimeUTC":"2025-06-04T20:45:59.321009200Z","requestStartTimeUTC":"2025-06-04T20:45:54.308197800Z","requestResourceType":"Database","requestOperationType":"Read","requestSessionToken":null,"e2ePolicyCfg":null,"excludedRegions":null,"sessionTokenEvaluationResults":[],"locationToLocationSpecificHealthContext":{"v":null}},{"storeResult":{"storePhysicalAddress":"rntbd://cdb-ms-prod-westus3-be41.documents.azure.com:11013/apps/b4a754e2-efc3-4890-b885-c2fba20447a0/services/b395315b-74a0-40f3-909c-476b990ea2b4/partitions/c7536697-f3df-4582-b0a9-8a9fb5d433fe/replicas/133915815012093458s/","lsn":0,"quorumAckedLSN":-1,"currentReplicaSetSize":-1,"globalCommittedLsn":-1,"partitionKeyRangeId":null,"isValid":false,"statusCode":410,"subStatusCode":20001,"isGone":true,"isNotFound":false,"isInvalidPartition":false,"isThroughputControlRequestRateTooLarge":false,"requestCharge":0.0,"itemLSN":-1,"sessionToken":null,"backendLatencyInMs":null,"retryAfterInMs":null,"exceptionMessage":"failed to establish connection to cdb-ms-prod-westus3-be41.documents.azure.com/<unresolved>:11013 due to io.netty.channel.ConnectTimeoutException: connection timed out after 5000 ms: cdb-ms-prod-westus3-be41.documents.azure.com/20.14.126.131:11013","exceptionResponseHeaders":"{x-ms-activity-id=5ba9d22a-7ee2-4be6-a809-0f90d1885349, x-ms-substatus=20001}","replicaStatusList":{"Ignoring":["11315:P:Unknown","11307:S:Unhealthy","11309:S:Unhealthy"],"Attempting":["11013:S:Unknown"]},"transportRequestTimeline":[{"eventName":"created","startTimeUTC":"2025-06-04T20:45:59.321009200Z","durationInMilliSecs":0.0},{"eventName":"queued","startTimeUTC":"2025-06-04T20:45:59.321009200Z","durationInMilliSecs":0.0},{"eventName":"channelAcquisitionStarted","startTimeUTC":"2025-06-04T20:45:59.321009200Z","durationInMilliSecs":5006.8154},{"eventName":"pipelined","startTimeUTC":null,"durationInMilliSecs":0.0},{"eventName":"transitTime","startTimeUTC":null,"durationInMilliSecs":0.0},{"eventName":"decodeTime","startTimeUTC":null,"durationInMilliSecs":0.0},{"eventName":"received","startTimeUTC":null,"durationInMilliSecs":0.0},{"eventName":"completed","startTimeUTC":"2025-06-04T20:46:04.327824600Z","durationInMilliSecs":0.0}],"transportRequestChannelAcquisitionContext":{"events":[{"poll":"2025-06-04T20:45:59.321009200Z","durationInMilliSecs":0.0},{"startNew":"2025-06-04T20:45:59.321009200Z","durationInMilliSecs":5006.8154},{"completeNew":"2025-06-04T20:46:04.327824600Z"}],"waitForChannelInit":true},"rntbdRequestLengthInBytes":-1,"rntbdResponseLengthInBytes":-1,"requestPayloadLengthInBytes":0,"responsePayloadLengthInBytes":-1,"channelStatistics":null,"serviceEndpointStatistics":{"availableChannels":0,"acquiredChannels":0,"executorTaskQueueSize":0,"inflightRequests":1,"lastSuccessfulRequestTime":"2025-06-04T20:45:38.994Z","lastRequestTime":"2025-06-04T20:45:38.986Z","createdTime":"2025-06-04T20:45:38.993924Z","isClosed":false,"cerMetrics":{"lastCallTimestamp":"2025-06-04T20:45:44.101797300Z","lastActionableContext":"(2025-06-04T20:45:44.101797300Z,1)"}}},"requestResponseTimeUTC":"2025-06-04T20:46:04.328821700Z","requestStartTimeUTC":"2025-06-04T20:45:59.321009200Z","requestResourceType":"Database","requestOperationType":"Read","requestSessionToken":null,"e2ePolicyCfg":null,"excludedRegions":null,"sessionTokenEvaluationResults":[],"locationToLocationSpecificHealthContext":{"v":null}},{"storeResult":{"storePhysicalAddress":"rntbd://cdb-ms-prod-westus3-be41.documents.azure.com:11315/apps/b4a754e2-efc3-4890-b885-c2fba20447a0/services/b395315b-74a0-40f3-909c-476b990ea2b4/partitions/c7536697-f3df-4582-b0a9-8a9fb5d433fe/replicas/133915815056156135p/","lsn":-1,"quorumAckedLSN":-1,"currentReplicaSetSize":-1,"globalCommittedLsn":-1,"partitionKeyRangeId":null,"isValid":false,"statusCode":410,"subStatusCode":20001,"isGone":true,"isNotFound":false,"isInvalidPartition":false,"isThroughputControlRequestRateTooLarge":false,"requestCharge":0.0,"itemLSN":-1,"sessionToken":null,"backendLatencyInMs":null,"retryAfterInMs":null,"exceptionMessage":"failed to establish connection to cdb-ms-prod-westus3-be41.documents.azure.com/<unresolved>:11315 due to io.netty.channel.ConnectTimeoutException: connection timed out after 5000 ms: cdb-ms-prod-westus3-be41.documents.azure.com/20.14.126.131:11315","exceptionResponseHeaders":"{x-ms-activity-id=5ba9d22a-7ee2-4be6-a809-0f90d1885349, x-ms-substatus=20001}","replicaStatusList":{"Ignoring":["11307:S:Unhealthy","11013:S:Unhealthy","11309:S:Unhealthy"],"Attempting":["11315:P:Unknown"]},"transportRequestTimeline":[{"eventName":"created","startTimeUTC":"2025-06-04T20:46:04.328821700Z","durationInMilliSecs":0.0},{"eventName":"queued","startTimeUTC":"2025-06-04T20:46:04.328821700Z","durationInMilliSecs":0.0},{"eventName":"channelAcquisitionStarted","startTimeUTC":"2025-06-04T20:46:04.328821700Z","durationInMilliSecs":5015.1808},{"eventName":"pipelined","startTimeUTC":null,"durationInMilliSecs":0.0},{"eventName":"transitTime","startTimeUTC":null,"durationInMilliSecs":0.0},{"eventName":"decodeTime","startTimeUTC":null,"durationInMilliSecs":0.0},{"eventName":"received","startTimeUTC":null,"durationInMilliSecs":0.0},{"eventName":"completed","startTimeUTC":"2025-06-04T20:46:09.344002500Z","durationInMilliSecs":0.0}],"transportRequestChannelAcquisitionContext":{"events":[{"poll":"2025-06-04T20:46:04.328821700Z","durationInMilliSecs":0.0},{"startNew":"2025-06-04T20:46:04.328821700Z","durationInMilliSecs":5014.1777},{"completeNew":"2025-06-04T20:46:09.342999400Z"}],"waitForChannelInit":true},"rntbdRequestLengthInBytes":-1,"rntbdResponseLengthInBytes":-1,"requestPayloadLengthInBytes":0,"responsePayloadLengthInBytes":-1,"channelStatistics":null,"serviceEndpointStatistics":{"availableChannels":0,"acquiredChannels":0,"executorTaskQueueSize":0,"inflightRequests":1,"lastSuccessfulRequestTime":"2025-06-04T20:45:49.168Z","lastRequestTime":"2025-06-04T20:45:49.168Z","createdTime":"2025-06-04T20:45:49.168737200Z","isClosed":false,"cerMetrics":{"lastCallTimestamp":"2025-06-04T20:45:54.182094100Z","lastActionableContext":"(2025-06-04T20:45:54.182094100Z,1)"}}},"requestResponseTimeUTC":"2025-06-04T20:46:09.344002500Z","requestStartTimeUTC":"2025-06-04T20:46:04.328821700Z","requestResourceType":"Database","requestOperationType":"Read","requestSessionToken":null,"e2ePolicyCfg":null,"excludedRegions":null,"sessionTokenEvaluationResults":[],"locationToLocationSpecificHealthContext":{"v":null}}],"supplementalResponseStatisticsList":[],"addressResolutionStatistics":{"8aa9dd1f-3ab2-4f5e-ae90-09c498116f6e":{"startTimeUTC":"2025-06-04T20:45:38.458108100Z","endTimeUTC":"2025-06-04T20:45:38.950920700Z","targetEndpoint":"https://facturacioncosmosdb-westus3.documents.azure.com:443/addresses/?$resolveFor=dbs&$filter=protocol%20eq%20rntbd","exceptionMessage":null,"forceRefresh":true,"forceCollectionRoutingMapRefresh":true,"inflightRequest":false},"438314b6-3c2c-4dec-b289-dfaee49d6657":{"startTimeUTC":"2025-06-04T20:45:54.188430500Z","endTimeUTC":"2025-06-04T20:45:54.306239Z","targetEndpoint":"https://facturacioncosmosdb-westus3.documents.azure.com:443/addresses/?$resolveFor=dbs&$filter=protocol%20eq%20rntbd","exceptionMessage":null,"forceRefresh":true,"forceCollectionRoutingMapRefresh":true,"inflightRequest":false}},"regionsContacted":["west us 3"],"retryContext":{"statusAndSubStatusCodes":[[410,21009],[410,21009],[503,21009]],"retryCount":3,"retryLatency":15160},"metadataDiagnosticsContext":{"metadataDiagnosticList":[{"metaDataName":"MASTER_ADDRESS_LOOK_UP","startTimeUTC":"2025-06-04T20:45:38.458108100Z","endTimeUTC":"2025-06-04T20:45:38.948965900Z","durationinMS":490},{"metaDataName":"MASTER_ADDRESS_LOOK_UP","startTimeUTC":"2025-06-04T20:45:54.188430500Z","endTimeUTC":"2025-06-04T20:45:54.306239Z","durationinMS":117}]},"serializationDiagnosticsContext":{"serializationDiagnosticsList":null},"gatewayStatisticsList":[],"samplingRateSnapshot":1.0,"bloomFilterInsertionCountSnapshot":0,"systemInformation":{"usedMemory":"55176 KB","availableMemory":"3041400 KB","systemCpuLoad":"empty","availableProcessors":12},"clientCfgs":{"id":1,"machineId":"uuid:fade444e-41d4-4bcc-a079-df2b8b43d1f3","connectionMode":"DIRECT","numberOfClients":0,"excrgns":"[]","clientEndpoints":{"https://facturacioncosmosdb.documents.azure.com:443/":1},"connCfg":{"rntbd":"(cto:PT5S, nrto:PT5S, icto:PT0S, ieto:PT1H, mcpe:130, mrpc:30, cer:true)","gw":"(cps:1000, nrto:PT1M, icto:PT1M, cto:PT45S, p:false)","other":"(ed: true, cs: false, rv: true)"},"consistencyCfg":"(consistency: null, mm: true, prgns: [])","proactiveInitCfg":"","e2ePolicyCfg":"","sessionRetryCfg":"","partitionLevelCircuitBreakerCfg":"(cb: false, type: CONSECUTIVE_EXCEPTION_COUNT_BASED, rexcntt: 10, wexcntt: 5)"}}}
		at com.azure.cosmos.BridgeInternal.createServiceUnavailableException(BridgeInternal.java:580)
		at com.azure.cosmos.implementation.directconnectivity.GoneAndRetryWithRetryPolicy$GoneRetryPolicy.logAndWrapExceptionWithLastRetryWithException(GoneAndRetryWithRetryPolicy.java:167)
		at com.azure.cosmos.implementation.directconnectivity.GoneAndRetryWithRetryPolicy$GoneRetryPolicy.shouldRetry(GoneAndRetryWithRetryPolicy.java:221)
		at com.azure.cosmos.implementation.directconnectivity.GoneAndRetryWithRetryPolicy.lambda$shouldRetry$1(GoneAndRetryWithRetryPolicy.java:65)
		at reactor.core.publisher.FluxFlatMap.trySubscribeScalarMap(FluxFlatMap.java:153)
		at reactor.core.publisher.MonoFlatMap.subscribeOrReturn(MonoFlatMap.java:53)
		at reactor.core.publisher.Mono.subscribe(Mono.java:4560)
		at reactor.core.publisher.FluxOnErrorResume$ResumeSubscriber.onError(FluxOnErrorResume.java:103)
		at reactor.core.publisher.MonoSingle$SingleSubscriber.onError(MonoSingle.java:150)
		at reactor.core.publisher.FluxLimitRequest$FluxLimitRequestSubscriber.onError(FluxLimitRequest.java:116)
		at reactor.core.publisher.Operators$MultiSubscriptionSubscriber.onError(Operators.java:2235)
		at reactor.core.publisher.FluxTakeUntil$TakeUntilPredicateSubscriber.onError(FluxTakeUntil.java:112)
		at reactor.core.publisher.Operators$MultiSubscriptionSubscriber.onError(Operators.java:2235)
		at reactor.core.publisher.FluxFlatMap$FlatMapMain.checkTerminated(FluxFlatMap.java:846)
		at reactor.core.publisher.FluxFlatMap$FlatMapMain.drainLoop(FluxFlatMap.java:612)
		at reactor.core.publisher.FluxFlatMap$FlatMapMain.drain(FluxFlatMap.java:592)
		at reactor.core.publisher.FluxFlatMap$FlatMapMain.innerError(FluxFlatMap.java:867)
		at reactor.core.publisher.FluxFlatMap$FlatMapInner.onError(FluxFlatMap.java:994)
		at reactor.core.publisher.FluxFlatMap$FlatMapMain.checkTerminated(FluxFlatMap.java:846)
		at reactor.core.publisher.FluxFlatMap$FlatMapMain.drainLoop(FluxFlatMap.java:612)
		at reactor.core.publisher.FluxFlatMap$FlatMapMain.drain(FluxFlatMap.java:592)
		at reactor.core.publisher.FluxFlatMap$FlatMapMain.onError(FluxFlatMap.java:455)
		at reactor.core.publisher.MonoFlatMap$FlatMapMain.onError(MonoFlatMap.java:180)
		at reactor.core.publisher.FluxDoOnEach$DoOnEachSubscriber.onError(FluxDoOnEach.java:195)
		at reactor.core.publisher.MonoFlatMap$FlatMapMain.onNext(MonoFlatMap.java:149)
		at reactor.core.publisher.MonoFlatMap$FlatMapMain.onNext(MonoFlatMap.java:158)
		at reactor.core.publisher.FluxMap$MapSubscriber.onNext(FluxMap.java:122)
		at reactor.core.publisher.FluxDoFinally$DoFinallySubscriber.onNext(FluxDoFinally.java:113)
		at reactor.core.publisher.FluxOnErrorResume$ResumeSubscriber.onNext(FluxOnErrorResume.java:79)
		at reactor.core.publisher.Operators$ScalarSubscription.request(Operators.java:2570)
		at reactor.core.publisher.Operators$MultiSubscriptionSubscriber.set(Operators.java:2366)
		at reactor.core.publisher.FluxOnErrorResume$ResumeSubscriber.onSubscribe(FluxOnErrorResume.java:74)
		at reactor.core.publisher.MonoJust.subscribe(MonoJust.java:55)
		at reactor.core.publisher.Mono.subscribe(Mono.java:4576)
		at reactor.core.publisher.FluxOnErrorResume$ResumeSubscriber.onError(FluxOnErrorResume.java:103)
		at reactor.core.publisher.MonoFlatMap$FlatMapMain.secondError(MonoFlatMap.java:241)
		at reactor.core.publisher.MonoFlatMap$FlatMapInner.onError(MonoFlatMap.java:315)
		at reactor.core.publisher.MonoFlatMap$FlatMapMain.onError(MonoFlatMap.java:180)
		at reactor.core.publisher.FluxContextWrite$ContextWriteSubscriber.onError(FluxContextWrite.java:121)
		at reactor.core.publisher.FluxDoFinally$DoFinallySubscriber.onError(FluxDoFinally.java:119)
		at reactor.core.publisher.FluxOnErrorResume$ResumeSubscriber.onError(FluxOnErrorResume.java:106)
		at reactor.core.publisher.Operators.error(Operators.java:198)
		at reactor.core.publisher.MonoError.subscribe(MonoError.java:53)
		at reactor.core.publisher.Mono.subscribe(Mono.java:4576)
		at reactor.core.publisher.FluxOnErrorResume$ResumeSubscriber.onError(FluxOnErrorResume.java:103)
		at reactor.core.publisher.FluxMap$MapSubscriber.onError(FluxMap.java:134)
		at reactor.core.publisher.MonoCompletionStage$MonoCompletionStageSubscription.apply(MonoCompletionStage.java:118)
		at reactor.core.publisher.MonoCompletionStage$MonoCompletionStageSubscription.apply(MonoCompletionStage.java:67)
		at java.base/java.util.concurrent.CompletableFuture.uniHandle(CompletableFuture.java:978)
		at java.base/java.util.concurrent.CompletableFuture$UniHandle.tryFire(CompletableFuture.java:955)
		at java.base/java.util.concurrent.CompletableFuture.postComplete(CompletableFuture.java:554)
		at java.base/java.util.concurrent.CompletableFuture.completeExceptionally(CompletableFuture.java:2238)
		at com.azure.cosmos.implementation.directconnectivity.rntbd.RntbdServiceEndpoint.writeWhenConnected(RntbdServiceEndpoint.java:617)
		at com.azure.cosmos.implementation.directconnectivity.rntbd.RntbdServiceEndpoint.lambda$write$3(RntbdServiceEndpoint.java:557)
		at io.netty.util.concurrent.DefaultPromise.notifyListener0(DefaultPromise.java:590)
		at io.netty.util.concurrent.DefaultPromise.notifyListenersNow(DefaultPromise.java:557)
		at io.netty.util.concurrent.DefaultPromise.access$200(DefaultPromise.java:35)
		at io.netty.util.concurrent.DefaultPromise$1.run(DefaultPromise.java:503)
		at io.netty.util.concurrent.AbstractEventExecutor.runTask(AbstractEventExecutor.java:173)
		at io.netty.util.concurrent.AbstractEventExecutor.safeExecute(AbstractEventExecutor.java:166)
		at io.netty.util.concurrent.SingleThreadEventExecutor.runAllTasks(SingleThreadEventExecutor.java:472)
		at io.netty.channel.nio.NioEventLoop.run(NioEventLoop.java:569)
		at io.netty.util.concurrent.SingleThreadEventExecutor$4.run(SingleThreadEventExecutor.java:998)
		at io.netty.util.internal.ThreadExecutorMap$2.run(ThreadExecutorMap.java:74)
		at io.netty.util.concurrent.FastThreadLocalRunnable.run(FastThreadLocalRunnable.java:30)
		... 1 more
	Caused by: {"ClassName":"GoneException","userAgent":"azsdk-java-cosmos/4.68.0 Windows10/10.0 JRE/23.0.1","statusCode":410,"resourceAddress":null,"innerErrorMessage":"The requested resource is no longer available at the server.","causeInfo":null,"responseHeaders":"{x-ms-substatus=21009}"}
		at com.azure.cosmos.implementation.directconnectivity.StoreReader.lambda$readPrimaryAsync$20(StoreReader.java:555)
		at reactor.core.publisher.MonoFlatMap$FlatMapMain.onNext(MonoFlatMap.java:132)
		... 41 more
	Suppressed: java.lang.Exception: #block terminated with an error
		at reactor.core.publisher.BlockingSingleSubscriber.blockingGet(BlockingSingleSubscriber.java:104)
		at reactor.core.publisher.Mono.block(Mono.java:1779)
		at com.azure.spring.data.cosmos.repository.support.SimpleReactiveCosmosRepository.createContainerIfNotExists(SimpleReactiveCosmosRepository.java:85)
		at com.azure.spring.data.cosmos.repository.support.SimpleReactiveCosmosRepository.<init>(SimpleReactiveCosmosRepository.java:50)
		at java.base/java.lang.reflect.Constructor.newInstanceWithCaller(Constructor.java:501)
		at java.base/java.lang.reflect.Constructor.newInstance(Constructor.java:485)
		at org.springframework.beans.BeanUtils.instantiateClass(BeanUtils.java:209)
		at org.springframework.data.repository.core.support.RepositoryFactorySupport.lambda$instantiateClass$5(RepositoryFactorySupport.java:657)
		at java.base/java.util.Optional.map(Optional.java:260)
		at org.springframework.data.repository.core.support.RepositoryFactorySupport.instantiateClass(RepositoryFactorySupport.java:657)
		at org.springframework.data.repository.core.support.RepositoryFactorySupport.getTargetRepositoryViaReflection(RepositoryFactorySupport.java:622)
		at com.azure.spring.data.cosmos.repository.support.ReactiveCosmosRepositoryFactory.getTargetRepository(ReactiveCosmosRepositoryFactory.java:48)
		at org.springframework.data.repository.core.support.RepositoryFactorySupport.getRepository(RepositoryFactorySupport.java:377)
		at org.springframework.data.repository.core.support.RepositoryFactoryBeanSupport.lambda$afterPropertiesSet$4(RepositoryFactoryBeanSupport.java:350)
		at org.springframework.data.util.Lazy.getNullable(Lazy.java:135)
		at org.springframework.data.util.Lazy.get(Lazy.java:113)
		at org.springframework.data.repository.core.support.RepositoryFactoryBeanSupport.afterPropertiesSet(RepositoryFactoryBeanSupport.java:356)
		at com.azure.spring.data.cosmos.repository.support.ReactiveCosmosRepositoryFactoryBean.afterPropertiesSet(ReactiveCosmosRepositoryFactoryBean.java:69)
		at org.springframework.beans.factory.support.AbstractAutowireCapableBeanFactory.invokeInitMethods(AbstractAutowireCapableBeanFactory.java:1865)
		at org.springframework.beans.factory.support.AbstractAutowireCapableBeanFactory.initializeBean(AbstractAutowireCapableBeanFactory.java:1814)
		at org.springframework.beans.factory.support.AbstractAutowireCapableBeanFactory.doCreateBean(AbstractAutowireCapableBeanFactory.java:607)
		at org.springframework.beans.factory.support.AbstractAutowireCapableBeanFactory.createBean(AbstractAutowireCapableBeanFactory.java:529)
		at org.springframework.beans.factory.support.AbstractBeanFactory.lambda$doGetBean$0(AbstractBeanFactory.java:339)
		at org.springframework.beans.factory.support.DefaultSingletonBeanRegistry.getSingleton(DefaultSingletonBeanRegistry.java:371)
		at org.springframework.beans.factory.support.AbstractBeanFactory.doGetBean(AbstractBeanFactory.java:337)
		at org.springframework.beans.factory.support.AbstractBeanFactory.getBean(AbstractBeanFactory.java:202)
		at org.springframework.beans.factory.support.DefaultListableBeanFactory.doResolveDependency(DefaultListableBeanFactory.java:1681)
		at org.springframework.beans.factory.support.DefaultListableBeanFactory.resolveDependency(DefaultListableBeanFactory.java:1627)
		at org.springframework.beans.factory.support.ConstructorResolver.resolveAutowiredArgument(ConstructorResolver.java:913)
		at org.springframework.beans.factory.support.ConstructorResolver.createArgumentArray(ConstructorResolver.java:791)
		at org.springframework.beans.factory.support.ConstructorResolver.autowireConstructor(ConstructorResolver.java:240)
		at org.springframework.beans.factory.support.AbstractAutowireCapableBeanFactory.autowireConstructor(AbstractAutowireCapableBeanFactory.java:1387)
		at org.springframework.beans.factory.support.AbstractAutowireCapableBeanFactory.createBeanInstance(AbstractAutowireCapableBeanFactory.java:1224)
		at org.springframework.beans.factory.support.AbstractAutowireCapableBeanFactory.doCreateBean(AbstractAutowireCapableBeanFactory.java:569)
		at org.springframework.beans.factory.support.AbstractAutowireCapableBeanFactory.createBean(AbstractAutowireCapableBeanFactory.java:529)
		at org.springframework.beans.factory.support.AbstractBeanFactory.lambda$doGetBean$0(AbstractBeanFactory.java:339)
		at org.springframework.beans.factory.support.DefaultSingletonBeanRegistry.getSingleton(DefaultSingletonBeanRegistry.java:371)
		at org.springframework.beans.factory.support.AbstractBeanFactory.doGetBean(AbstractBeanFactory.java:337)
		at org.springframework.beans.factory.support.AbstractBeanFactory.getBean(AbstractBeanFactory.java:202)
		at org.springframework.beans.factory.support.DefaultListableBeanFactory.instantiateSingleton(DefaultListableBeanFactory.java:1221)
		at org.springframework.beans.factory.support.DefaultListableBeanFactory.preInstantiateSingleton(DefaultListableBeanFactory.java:1187)
		at org.springframework.beans.factory.support.DefaultListableBeanFactory.preInstantiateSingletons(DefaultListableBeanFactory.java:1122)
		at org.springframework.context.support.AbstractApplicationContext.finishBeanFactoryInitialization(AbstractApplicationContext.java:987)
		at org.springframework.context.support.AbstractApplicationContext.refresh(AbstractApplicationContext.java:627)
		at org.springframework.boot.SpringApplication.refresh(SpringApplication.java:753)
		at org.springframework.boot.SpringApplication.refreshContext(SpringApplication.java:439)
		at org.springframework.boot.SpringApplication.run(SpringApplication.java:318)
		at org.springframework.boot.test.context.SpringBootContextLoader.lambda$loadContext$3(SpringBootContextLoader.java:144)
		at org.springframework.util.function.ThrowingSupplier.get(ThrowingSupplier.java:58)
		at org.springframework.util.function.ThrowingSupplier.get(ThrowingSupplier.java:46)
		at org.springframework.boot.SpringApplication.withHook(SpringApplication.java:1462)
		at org.springframework.boot.test.context.SpringBootContextLoader$ContextLoaderHook.run(SpringBootContextLoader.java:563)
[...]
Valid":false,"statusCode":410,"subStatusCode":20001,"isGone":true,"isNotFound":false,"isInvalidPartition":false,"isThroughputControlRequestRateTooLarge":false,"requestCharge":0.0,"itemLSN":-1,"sessionToken":null,"backendLatencyInMs":null,"retryAfterInMs":null,"exceptionMessage":"failed to establish connection to cdb-ms-prod-westus3-be41.documents.azure.com/<unresolved>:11309 due to io.netty.channel.ConnectTimeoutException: connection timed out after 5000 ms: cdb-ms-prod-westus3-be41.documents.azure.com/20.14.126.131:11309","exceptionResponseHeaders":"{x-ms-activity-id=5ba9d22a-7ee2-4be6-a809-0f90d1885349, x-ms-substatus=20001}","replicaStatusList":{"Ignoring":["11315:P:Unknown","11307:S:Unhealthy","11013:S:Unhealthy"],"Attempting":["11309:S:Unknown"]},"transportRequestTimeline":[{"eventName":"created","startTimeUTC":"2025-06-04T20:45:44.132014200Z","durationInMilliSecs":0.0},{"eventName":"queued","startTimeUTC":"2025-06-04T20:45:44.132014200Z","durationInMilliSecs":0.0},{"eventName":"channelAcquisitionStarted","startTimeUTC":"2025-06-04T20:45:44.132014200Z","durationInMilliSecs":5013.3352},{"eventName":"pipelined","startTimeUTC":null,"durationInMilliSecs":0.0},{"eventName":"transitTime","startTimeUTC":null,"durationInMilliSecs":0.0},{"eventName":"decodeTime","startTimeUTC":null,"durationInMilliSecs":0.0},{"eventName":"received","startTimeUTC":null,"durationInMilliSecs":0.0},{"eventName":"completed","startTimeUTC":"2025-06-04T20:45:49.145349400Z","durationInMilliSecs":0.0}],"transportRequestChannelAcquisitionContext":{"events":[{"poll":"2025-06-04T20:45:44.133014200Z","durationInMilliSecs":0.0},{"startNew":"2025-06-04T20:45:44.133014200Z","durationInMilliSecs":5011.3775},{"completeNew":"2025-06-04T20:45:49.144391700Z"}],"waitForChannelInit":true},"rntbdRequestLengthInBytes":-1,"rntbdResponseLengthInBytes":-1,"requestPayloadLengthInBytes":0,"responsePayloadLengthInBytes":-1,"channelStatistics":null,"serviceEndpointStatistics":{"availableChannels":0,"acquiredChannels":0,"executorTaskQueueSize":0,"inflightRequests":1,"lastSuccessfulRequestTime":"2025-06-04T20:45:44.132Z","lastRequestTime":"2025-06-04T20:45:44.132Z","createdTime":"2025-06-04T20:45:44.132014200Z","isClosed":false,"cerMetrics":{}}},"requestResponseTimeUTC":"2025-06-04T20:45:49.146400600Z","requestStartTimeUTC":"2025-06-04T20:45:44.132014200Z","requestResourceType":"Database","requestOperationType":"Read","requestSessionToken":null,"e2ePolicyCfg":null,"excludedRegions":null,"sessionTokenEvaluationResults":[],"locationToLocationSpecificHealthContext":{"v":null}},{"storeResult":{"storePhysicalAddress":"rntbd://cdb-ms-prod-westus3-be41.documents.azure.com:11315/apps/b4a754e2-efc3-4890-b885-c2fba20447a0/services/b395315b-74a0-40f3-909c-476b990ea2b4/partitions/c7536697-f3df-4582-b0a9-8a9fb5d433fe/replicas/133915815056156135p/","lsn":-1,"quorumAckedLSN":-1,"currentReplicaSetSize":-1,"globalCommittedLsn":-1,"partitionKeyRangeId":null,"isValid":false,"statusCode":410,"subStatusCode":20001,"isGone":true,"isNotFound":false,"isInvalidPartition":false,"isThroughputControlRequestRateTooLarge":false,"requestCharge":0.0,"itemLSN":-1,"sessionToken":null,"backendLatencyInMs":null,"retryAfterInMs":null,"exceptionMessage":"failed to establish connection to cdb-ms-prod-westus3-be41.documents.azure.com/<unresolved>:11315 due to io.netty.channel.ConnectTimeoutException: connection timed out after 5000 ms: cdb-ms-prod-westus3-be41.documents.azure.com/20.14.126.131:11315","exceptionResponseHeaders":"{x-ms-activity-id=5ba9d22a-7ee2-4be6-a809-0f90d1885349, x-ms-substatus=20001}","replicaStatusList":{"Ignoring":["11307:S:Unhealthy","11013:S:Unhealthy","11309:S:Unhealthy"],"Attempting":["11315:P:Unknown"]},"transportRequestTimeline":[{"eventName":"created","startTimeUTC":"2025-06-04T20:45:49.168737200Z","durationInMilliSecs":0.0},{"eventName":"queued","startTimeUTC":"2025-06-04T20:45:49.168737200Z","durationInMilliSecs":0.0},{"eventName":"channelAcquisitionStarted","startTimeUTC":"2025-06-04T20:45:49.168737200Z","durationInMilliSecs":5016.0506},{"eventName":"pipelined","startTimeUTC":null,"durationInMilliSecs":0.0},{"eventName":"transitTime","startTimeUTC":null,"durationInMilliSecs":0.0},{"eventName":"decodeTime","startTimeUTC":null,"durationInMilliSecs":0.0},{"eventName":"received","startTimeUTC":null,"durationInMilliSecs":0.0},{"eventName":"completed","startTimeUTC":"2025-06-04T20:45:54.184787800Z","durationInMilliSecs":0.0}],"transportRequestChannelAcquisitionContext":{"events":[{"poll":"2025-06-04T20:45:49.169753600Z","durationInMilliSecs":0.0},{"startNew":"2025-06-04T20:45:49.169753600Z","durationInMilliSecs":5014.4272},{"completeNew":"2025-06-04T20:45:54.184180800Z"}],"waitForChannelInit":true},"rntbdRequestLengthInBytes":-1,"rntbdResponseLengthInBytes":-1,"requestPayloadLengthInBytes":0,"responsePayloadLengthInBytes":-1,"channelStatistics":null,"serviceEndpointStatistics":{"availableChannels":0,"acquiredChannels":0,"executorTaskQueueSize":0,"inflightRequests":1,"lastSuccessfulRequestTime":"2025-06-04T20:45:49.168Z","lastRequestTime":"2025-06-04T20:45:49.168Z","createdTime":"2025-06-04T20:45:49.168737200Z","isClosed":false,"cerMetrics":{}}},"requestResponseTimeUTC":"2025-06-04T20:45:54.184787800Z","requestStartTimeUTC":"2025-06-04T20:45:49.168737200Z","requestResourceType":"Database","requestOperationType":"Read","requestSessionToken":null,"e2ePolicyCfg":null,"excludedRegions":null,"sessionTokenEvaluationResults":[],"locationToLocationSpecificHealthContext":{"v":null}},{"storeResult":{"storePhysicalAddress":"rntbd://cdb-ms-prod-westus3-be41.documents.azure.com:11309/apps/b4a754e2-efc3-4890-b885-c2fba20447a0/services/b395315b-74a0-40f3-909c-476b990ea2b4/partitions/c7536697-f3df-4582-b0a9-8a9fb5d433fe/replicas/133915815056156133s/","lsn":0,"quorumAckedLSN":-1,"currentReplicaSetSize":-1,"globalCommittedLsn":-1,"partitionKeyRangeId":null,"isValid":false,"statusCode":410,"subStatusCode":20001,"isGone":true,"isNotFound":false,"isInvalidPartition":false,"isThroughputControlRequestRateTooLarge":false,"requestCharge":0.0,"itemLSN":-1,"sessionToken":null,"backendLatencyInMs":null,"retryAfterInMs":null,"exceptionMessage":"failed to establish connection to cdb-ms-prod-westus3-be41.documents.azure.com/<unresolved>:11309 due to io.netty.channel.ConnectTimeoutException: connection timed out after 5000 ms: cdb-ms-prod-westus3-be41.documents.azure.com/20.14.126.131:11309","exceptionResponseHeaders":"{x-ms-activity-id=5ba9d22a-7ee2-4be6-a809-0f90d1885349, x-ms-substatus=20001}","replicaStatusList":{"Ignoring":["11315:P:Unknown"],"Attempting":["11013:S:Unknown","11307:S:Unknown","11309:S:Unknown"]},"transportRequestTimeline":[{"eventName":"created","startTimeUTC":"2025-06-04T20:45:54.307237300Z","durationInMilliSecs":0.9605},{"eventName":"queued","startTimeUTC":"2025-06-04T20:45:54.308197800Z","durationInMilliSecs":0.0},{"eventName":"channelAcquisitionStarted","startTimeUTC":"2025-06-04T20:45:54.308197800Z","durationInMilliSecs":5011.8224},{"eventName":"pipelined","startTimeUTC":null,"durationInMilliSecs":0.0},{"eventName":"transitTime","startTimeUTC":null,"durationInMilliSecs":0.0},{"eventName":"decodeTime","startTimeUTC":null,"durationInMilliSecs":0.0},{"eventName":"received","startTimeUTC":null,"durationInMilliSecs":0.0},{"eventName":"completed","startTimeUTC":"2025-06-04T20:45:59.320020200Z","durationInMilliSecs":0.0}],"transportRequestChannelAcquisitionContext":{"events":[{"poll":"2025-06-04T20:45:54.308197800Z","durationInMilliSecs":0.0},{"startNew":"2025-06-04T20:45:54.308197800Z","durationInMilliSecs":5011.8224},{"completeNew":"2025-06-04T20:45:59.320020200Z"}],"waitForChannelInit":true},"rntbdRequestLengthInBytes":-1,"rntbdResponseLengthInBytes":-1,"requestPayloadLengthInBytes":0,"responsePayloadLengthInBytes":-1,"channelStatistics":null,"serviceEndpointStatistics":{"availableChannels":0,"acquiredChannels":0,"executorTaskQueueSize":0,"inflightRequests":1,"lastSuccessfulRequestTime":"2025-06-04T20:45:44.132Z","lastRequestTime":"2025-06-04T20:45:44.132Z","createdTime":"2025-06-04T20:45:44.132014200Z","isClosed":false,"cerMetrics":{"lastCallTimestamp":"2025-06-04T20:45:49.142311Z","lastActionableContext":"(2025-06-04T20:45:49.142311Z,1)"}}},"requestResponseTimeUTC":"2025-06-04T20:45:59.321009200Z","requestStartTimeUTC":"2025-06-04T20:45:54.307237300Z","requestResourceType":"Database","requestOperationType":"Read","requestSessionToken":null,"e2ePolicyCfg":null,"excludedRegions":null,"sessionTokenEvaluationResults":[],"locationToLocationSpecificHealthContext":{"v":null}},{"storeResult":{"storePhysicalAddress":"rntbd://cdb-ms-prod-westus3-be41.documents.azure.com:11307/apps/b4a754e2-efc3-4890-b885-c2fba20447a0/services/b395315b-74a0-40f3-909c-476b990ea2b4/partitions/c7536697-f3df-4582-b0a9-8a9fb5d433fe/replicas/133915815056156134s/","lsn":0,"quorumAckedLSN":-1,"currentReplicaSetSize":-1,"globalCommittedLsn":-1,"partitionKeyRangeId":null,"isValid":false,"statusCode":410,"subStatusCode":20001,"isGone":true,"isNotFound":false,"isInvalidPartition":false,"isThroughputControlRequestRateTooLarge":false,"requestCharge":0.0,"itemLSN":-1,"sessionToken":null,"backendLatencyInMs":null,"retryAfterInMs":null,"exceptionMessage":"failed to establish connection to cdb-ms-prod-westus3-be41.documents.azure.com/<unresolved>:11307 due to io.netty.channel.ConnectTimeoutException: connection timed out after 5000 ms: cdb-ms-prod-westus3-be41.documents.azure.com/20.14.126.131:11307","exceptionResponseHeaders":"{x-ms-activity-id=5ba9d22a-7ee2-4be6-a809-0f90d1885349, x-ms-substatus=20001}","replicaStatusList":{"Ignoring":["11315:P:Unknown"],"Attempting":["11013:S:Unknown","11307:S:Unknown","11309:S:Unknown"]},"transportRequestTimeline":[{"eventName":"created","startTimeUTC":"2025-06-04T20:45:54.308197800Z","durationInMilliSecs":0.0},{"eventName":"queued","startTimeUTC":"2025-06-04T20:45:54.308197800Z","durationInMilliSecs":0.0},{"eventName":"channelAcquisitionStarted","startTimeUTC":"2025-06-04T20:45:54.308197800Z","durationInMilliSecs":5012.8114},{"eventName":"pipelined","startTimeUTC":null,"durationInMilliSecs":0.0},{"eventName":"transitTime","startTimeUTC":null,"durationInMilliSecs":0.0},{"eventName":"decodeTime","startTimeUTC":null,"durationInMilliSecs":0.0},{"eventName":"received","startTimeUTC":null,"durationInMilliSecs":0.0},{"eventName":"completed","startTimeUTC":"2025-06-04T20:45:59.321009200Z","durationInMilliSecs":0.0}],"transportRequestChannelAcquisitionContext":{"events":[{"poll":"2025-06-04T20:45:54.308197800Z","durationInMilliSecs":0.0},{"startNew":"2025-06-04T20:45:54.308197800Z","durationInMilliSecs":5011.8224},{"completeNew":"2025-06-04T20:45:59.320020200Z"}],"waitForChannelInit":true},"rntbdRequestLengthInBytes":-1,"rntbdResponseLengthInBytes":-1,"requestPayloadLengthInBytes":0,"responsePayloadLengthInBytes":-1,"channelStatistics":null,"serviceEndpointStatistics":{"availableChannels":0,"acquiredChannels":0,"executorTaskQueueSize":0,"inflightRequests":1,"lastSuccessfulRequestTime":"2025-06-04T20:45:39.017Z","lastRequestTime":"2025-06-04T20:45:39.017Z","createdTime":"2025-06-04T20:45:39.017390800Z","isClosed":false,"cerMetrics":{"lastCallTimestamp":"2025-06-04T20:45:44.101797300Z","lastActionableContext":"(2025-06-04T20:45:44.101797300Z,1)"}}},"requestResponseTimeUTC":"2025-06-04T20:45:59.321009200Z","requestStartTimeUTC":"2025-06-04T20:45:54.308197800Z","requestResourceType":"Database","requestOperationType":"Read","requestSessionToken":null,"e2ePolicyCfg":null,"excludedRegions":null,"sessionTokenEvaluationResults":[],"locationToLocationSpecificHealthContext":{"v":null}},{"storeResult":{"storePhysicalAddress":"rntbd://cdb-ms-prod-westus3-be41.documents.azure.com:11013/apps/b4a754e2-efc3-4890-b885-c2fba20447a0/services/b395315b-74a0-40f3-909c-476b990ea2b4/partitions/c7536697-f3df-4582-b0a9-8a9fb5d433fe/replicas/133915815012093458s/","lsn":0,"quorumAckedLSN":-1,"currentReplicaSetSize":-1,"globalCommittedLsn":-1,"partitionKeyRangeId":null,"isValid":false,"statusCode":410,"subStatusCode":20001,"isGone":true,"isNotFound":false,"isInvalidPartition":false,"isThroughputControlRequestRateTooLarge":false,"requestCharge":0.0,"itemLSN":-1,"sessionToken":null,"backendLatencyInMs":null,"retryAfterInMs":null,"exceptionMessage":"failed to establish connection to cdb-ms-prod-westus3-be41.documents.azure.com/<unresolved>:11013 due to io.netty.channel.ConnectTimeoutException: connection timed out after 5000 ms: cdb-ms-prod-westus3-be41.documents.azure.com/20.14.126.131:11013","exceptionResponseHeaders":"{x-ms-activity-id=5ba9d22a-7ee2-4be6-a809-0f90d1885349, x-ms-substatus=20001}","replicaStatusList":{"Ignoring":["11315:P:Unknown","11307:S:Unhealthy","11309:S:Unhealthy"],"Attempting":["11013:S:Unknown"]},"transportRequestTimeline":[{"eventName":"created","startTimeUTC":"2025-06-04T20:45:59.321009200Z","durationInMilliSecs":0.0},{"eventName":"queued","startTimeUTC":"2025-06-04T20:45:59.321009200Z","durationInMilliSecs":0.0},{"eventName":"channelAcquisitionStarted","startTimeUTC":"2025-06-04T20:45:59.321009200Z","durationInMilliSecs":5006.8154},{"eventName":"pipelined","startTimeUTC":null,"durationInMilliSecs":0.0},{"eventName":"transitTime","startTimeUTC":null,"durationInMilliSecs":0.0},{"eventName":"decodeTime","startTimeUTC":null,"durationInMilliSecs":0.0},{"eventName":"received","startTimeUTC":null,"durationInMilliSecs":0.0},{"eventName":"completed","startTimeUTC":"2025-06-04T20:46:04.327824600Z","durationInMilliSecs":0.0}],"transportRequestChannelAcquisitionContext":{"events":[{"poll":"2025-06-04T20:45:59.321009200Z","durationInMilliSecs":0.0},{"startNew":"2025-06-04T20:45:59.321009200Z","durationInMilliSecs":5006.8154},{"completeNew":"2025-06-04T20:46:04.327824600Z"}],"waitForChannelInit":true},"rntbdRequestLengthInBytes":-1,"rntbdResponseLengthInBytes":-1,"requestPayloadLengthInBytes":0,"responsePayloadLengthInBytes":-1,"channelStatistics":null,"serviceEndpointStatistics":{"availableChannels":0,"acquiredChannels":0,"executorTaskQueueSize":0,"inflightRequests":1,"lastSuccessfulRequestTime":"2025-06-04T20:45:38.994Z","lastRequestTime":"2025-06-04T20:45:38.986Z","createdTime":"2025-06-04T20:45:38.993924Z","isClosed":false,"cerMetrics":{"lastCallTimestamp":"2025-06-04T20:45:44.101797300Z","lastActionableContext":"(2025-06-04T20:45:44.101797300Z,1)"}}},"requestResponseTimeUTC":"2025-06-04T20:46:04.328821700Z","requestStartTimeUTC":"2025-06-04T20:45:59.321009200Z","requestResourceType":"Database","requestOperationType":"Read","requestSessionToken":null,"e2ePolicyCfg":null,"excludedRegions":null,"sessionTokenEvaluationResults":[],"locationToLocationSpecificHealthContext":{"v":null}},{"storeResult":{"storePhysicalAddress":"rntbd://cdb-ms-prod-westus3-be41.documents.azure.com:11315/apps/b4a754e2-efc3-4890-b885-c2fba20447a0/services/b395315b-74a0-40f3-909c-476b990ea2b4/partitions/c7536697-f3df-4582-b0a9-8a9fb5d433fe/replicas/133915815056156135p/","lsn":-1,"quorumAckedLSN":-1,"currentReplicaSetSize":-1,"globalCommittedLsn":-1,"partitionKeyRangeId":null,"isValid":false,"statusCode":410,"subStatusCode":20001,"isGone":true,"isNotFound":false,"isInvalidPartition":false,"isThroughputControlRequestRateTooLarge":false,"requestCharge":0.0,"itemLSN":-1,"sessionToken":null,"backendLatencyInMs":null,"retryAfterInMs":null,"exceptionMessage":"failed to establish connection to cdb-ms-prod-westus3-be41.documents.azure.com/<unresolved>:11315 due to io.netty.channel.ConnectTimeoutException: connection timed out after 5000 ms: cdb-ms-prod-westus3-be41.documents.azure.com/20.14.126.131:11315","exceptionResponseHeaders":"{x-ms-activity-id=5ba9d22a-7ee2-4be6-a809-0f90d1885349, x-ms-substatus=20001}","replicaStatusList":{"Ignoring":["11307:S:Unhealthy","11013:S:Unhealthy","11309:S:Unhealthy"],"Attempting":["11315:P:Unknown"]},"transportRequestTimeline":[{"eventName":"created","startTimeUTC":"2025-06-04T20:46:04.328821700Z","durationInMilliSecs":0.0},{"eventName":"queued","startTimeUTC":"2025-06-04T20:46:04.328821700Z","durationInMilliSecs":0.0},{"eventName":"channelAcquisitionStarted","startTimeUTC":"2025-06-04T20:46:04.328821700Z","durationInMilliSecs":5015.1808},{"eventName":"pipelined","startTimeUTC":null,"durationInMilliSecs":0.0},{"eventName":"transitTime","startTimeUTC":null,"durationInMilliSecs":0.0},{"eventName":"decodeTime","startTimeUTC":null,"durationInMilliSecs":0.0},{"eventName":"received","startTimeUTC":null,"durationInMilliSecs":0.0},{"eventName":"completed","startTimeUTC":"2025-06-04T20:46:09.344002500Z","durationInMilliSecs":0.0}],"transportRequestChannelAcquisitionContext":{"events":[{"poll":"2025-06-04T20:46:04.328821700Z","durationInMilliSecs":0.0},{"startNew":"2025-06-04T20:46:04.328821700Z","durationInMilliSecs":5014.1777},{"completeNew":"2025-06-04T20:46:09.342999400Z"}],"waitForChannelInit":true},"rntbdRequestLengthInBytes":-1,"rntbdResponseLengthInBytes":-1,"requestPayloadLengthInBytes":0,"responsePayloadLengthInBytes":-1,"channelStatistics":null,"serviceEndpointStatistics":{"availableChannels":0,"acquiredChannels":0,"executorTaskQueueSize":0,"inflightRequests":1,"lastSuccessfulRequestTime":"2025-06-04T20:45:49.168Z","lastRequestTime":"2025-06-04T20:45:49.168Z","createdTime":"2025-06-04T20:45:49.168737200Z","isClosed":false,"cerMetrics":{"lastCallTimestamp":"2025-06-04T20:45:54.182094100Z","lastActionableContext":"(2025-06-04T20:45:54.182094100Z,1)"}}},"requestResponseTimeUTC":"2025-06-04T20:46:09.344002500Z","requestStartTimeUTC":"2025-06-04T20:46:04.328821700Z","requestResourceType":"Database","requestOperationType":"Read","requestSessionToken":null,"e2ePolicyCfg":null,"excludedRegions":null,"sessionTokenEvaluationResults":[],"locationToLocationSpecificHealthContext":{"v":null}}],"supplementalResponseStatisticsList":[],"addressResolutionStatistics":{"8aa9dd1f-3ab2-4f5e-ae90-09c498116f6e":{"startTimeUTC":"2025-06-04T20:45:38.458108100Z","endTimeUTC":"2025-06-04T20:45:38.950920700Z","targetEndpoint":"https://facturacioncosmosdb-westus3.documents.azure.com:443/addresses/?$resolveFor=dbs&$filter=protocol%20eq%20rntbd","exceptionMessage":null,"forceRefresh":true,"forceCollectionRoutingMapRefresh":true,"inflightRequest":false},"438314b6-3c2c-4dec-b289-dfaee49d6657":{"startTimeUTC":"2025-06-04T20:45:54.188430500Z","endTimeUTC":"2025-06-04T20:45:54.306239Z","targetEndpoint":"https://facturacioncosmosdb-westus3.documents.azure.com:443/addresses/?$resolveFor=dbs&$filter=protocol%20eq%20rntbd","exceptionMessage":null,"forceRefresh":true,"forceCollectionRoutingMapRefresh":true,"inflightRequest":false}},"regionsContacted":["west us 3"],"retryContext":{"statusAndSubStatusCodes":[[410,21009],[410,21009],[503,21009]],"retryCount":3,"retryLatency":15160},"metadataDiagnosticsContext":{"metadataDiagnosticList":[{"metaDataName":"MASTER_ADDRESS_LOOK_UP","startTimeUTC":"2025-06-04T20:45:38.458108100Z","endTimeUTC":"2025-06-04T20:45:38.948965900Z","durationinMS":490},{"metaDataName":"MASTER_ADDRESS_LOOK_UP","startTimeUTC":"2025-06-04T20:45:54.188430500Z","endTimeUTC":"2025-06-04T20:45:54.306239Z","durationinMS":117}]},"serializationDiagnosticsContext":{"serializationDiagnosticsList":null},"gatewayStatisticsList":[],"samplingRateSnapshot":1.0,"bloomFilterInsertionCountSnapshot":0,"systemInformation":{"usedMemory":"55176 KB","availableMemory":"3041400 KB","systemCpuLoad":"empty","availableProcessors":12},"clientCfgs":{"id":1,"machineId":"uuid:fade444e-41d4-4bcc-a079-df2b8b43d1f3","connectionMode":"DIRECT","numberOfClients":0,"excrgns":"[]","clientEndpoints":{"https://facturacioncosmosdb.documents.azure.com:443/":1},"connCfg":{"rntbd":"(cto:PT5S, nrto:PT5S, icto:PT0S, ieto:PT1H, mcpe:130, mrpc:30, cer:true)","gw":"(cps:1000, nrto:PT1M, icto:PT1M, cto:PT45S, p:false)","other":"(ed: true, cs: false, rv: true)"},"consistencyCfg":"(consistency: null, mm: true, prgns: [])","proactiveInitCfg":"","e2ePolicyCfg":"","sessionRetryCfg":"","partitionLevelCircuitBreakerCfg":"(cb: false, type: CONSECUTIVE_EXCEPTION_COUNT_BASED, rexcntt: 10, wexcntt: 5)"}}}]

