<?xml version="1.0" encoding="UTF-8"?>
<testsuite xmlns:xsi="http://www.w3.org/2001/XMLSchema-instance" xsi:noNamespaceSchemaLocation="https://maven.apache.org/surefire/maven-surefire-plugin/xsd/surefire-test-report.xsd" version="3.0.2" name="com.E4.cosmos_sql.CosmosSqlApplicationTests" time="7.836" tests="1" errors="0" skipped="0" failures="0">
  <properties>
[...]
</properties>
  <testcase name="contextLoads" classname="com.E4.cosmos_sql.CosmosSqlApplicationTests" time="0.752">
    <system-out><![CDATA[17:51:06.385 [main] INFO org.springframework.test.context.support.AnnotationConfigContextLoaderUtils -- Could not detect default configuration classes for test class [com.E4.cosmos_sql.CosmosSqlApplicationTests]: CosmosSqlApplicationTests does not declare any static, non-private, non-final, nested classes annotated with @Configuration.
17:51:06.554 [main] INFO org.springframework.boot.test.context.SpringBootTestContextBootstrapper -- Found @SpringBootConfiguration com.E4.cosmos_sql.CosmosSqlApplication for test class com.E4.cosmos_sql.CosmosSqlApplicationTests

  .   ____          _            __ _ _
 /\\ / ___'_ __ _ _(_)_ __  __ _ \ \ \ \
( ( )\___ | '_ | '_| | '_ \/ _` | \ \ \ \
 \\/  ___)| |_)| | | | | || (_| |  ) ) ) )
  '  |____| .__|_| |_|_| |_\__, | / / / /
 =========|_|==============|___/=/_/_/_/

 :: Spring Boot ::                (v3.4.5)

2025-06-02T17:51:07.118-06:00  WARN 19320 --- [cosmos-sql] [           main] ory$DuplicateJsonObjectContextCustomizer : 

Found multiple occurrences of org.json.JSONObject on the class path:

	jar:file:/C:/Users/raymo/.m2/repository/com/vaadin/external/google/android-json/0.0.20131108.vaadin1/android-json-0.0.20131108.vaadin1.jar!/org/json/JSONObject.class
	jar:file:/C:/Users/raymo/.m2/repository/org/json/json/20180130/json-20180130.jar!/org/json/JSONObject.class

You may wish to exclude one of them to ensure predictable runtime behavior

2025-06-02T17:51:07.142-06:00  INFO 19320 --- [cosmos-sql] [           main] c.E.c.CosmosSqlApplicationTests          : Starting CosmosSqlApplicationTests using Java 23.0.2 with PID 19320 (started by raymo in C:\Users\raymo\Documentos\AzureBackEndFac)
2025-06-02T17:51:07.147-06:00  INFO 19320 --- [cosmos-sql] [           main] c.E.c.CosmosSqlApplicationTests          : No active profile set, falling back to 1 default profile: "default"
2025-06-02T17:51:07.856-06:00  INFO 19320 --- [cosmos-sql] [           main] .s.d.r.c.RepositoryConfigurationDelegate : Bootstrapping Spring Data cosmos repositories in DEFAULT mode.
2025-06-02T17:51:08.031-06:00  INFO 19320 --- [cosmos-sql] [           main] .s.d.r.c.RepositoryConfigurationDelegate : Finished Spring Data repository scanning in 169 ms. Found 2 cosmos repository interfaces.
2025-06-02T17:51:08.040-06:00  INFO 19320 --- [cosmos-sql] [           main] .s.d.r.c.RepositoryConfigurationDelegate : Bootstrapping Spring Data cosmos repositories in DEFAULT mode.
2025-06-02T17:51:08.046-06:00  INFO 19320 --- [cosmos-sql] [           main] .s.d.r.c.RepositoryConfigurationDelegate : Finished Spring Data repository scanning in 3 ms. Found 0 cosmos repository interfaces.
2025-06-02T17:51:08.574-06:00  INFO 19320 --- [cosmos-sql] [           main] c.a.c.h.n.implementation.NettyUtility    : {"az.sdk.message":"The following Netty versions were found on the classpath and have a mismatch with the versions used by azure-core-http-netty. If your application runs without issue this message can be ignored, otherwise please align the Netty versions used in your application. For more information, see https://aka.ms/azsdk/java/dependency/troubleshoot.","azure-netty-version":"4.1.118.Final","azure-netty-native-version":"2.0.70.Final","classpath-netty-version-io.netty:netty-common":"4.1.119.Final","classpath-netty-version-io.netty:netty-handler":"4.1.119.Final","classpath-netty-version-io.netty:netty-handler-proxy":"4.1.119.Final","classpath-netty-version-io.netty:netty-buffer":"4.1.119.Final","classpath-netty-version-io.netty:netty-codec":"4.1.119.Final","classpath-netty-version-io.netty:netty-codec-http":"4.1.119.Final","classpath-netty-version-io.netty:netty-codec-http2":"4.1.119.Final","classpath-netty-version-io.netty:netty-transport-native-unix-common":"4.1.119.Final","classpath-netty-version-io.netty:netty-transport-native-epoll":"4.1.119.Final","classpath-netty-version-io.netty:netty-transport-native-kqueue":"4.1.119.Final","classpath-native-netty-version-io.netty:netty-tcnative-boringssl-static":"2.0.70.Final"}
2025-06-02T17:51:08.747-06:00  WARN 19320 --- [cosmos-sql] [           main] com.azure.cosmos.implementation.Utils    : Neither Afterburner nor Blackbird Jackson module loaded.  Consider adding one to your classpath for maximum Jackson performance.
2025-06-02T17:51:08.747-06:00  WARN 19320 --- [cosmos-sql] [           main] com.azure.cosmos.implementation.Utils    : Neither Afterburner nor Blackbird Jackson module loaded.  Consider adding one to your classpath for maximum Jackson performance.
2025-06-02T17:51:08.875-06:00  WARN 19320 --- [cosmos-sql] [           main] c.a.s.c.s.i.c.CosmosClientBuilderFactory : Configuration instance is not supported to configure in CosmosClientBuilder
2025-06-02T17:51:08.971-06:00  WARN 19320 --- [cosmos-sql] [           main] com.azure.cosmos.implementation.Utils    : Neither Afterburner nor Blackbird Jackson module loaded.  Consider adding one to your classpath for maximum Jackson performance.
2025-06-02T17:51:09.014-06:00  INFO 19320 --- [cosmos-sql] [           main] c.a.c.i.RxDocumentClientImpl             : Initializing DocumentClient [1] with serviceEndpoint [https://facturacioncosmosdb.documents.azure.com:443/], connectionPolicy [null], consistencyLevel [null]
2025-06-02T17:51:09.440-06:00  INFO 19320 --- [cosmos-sql] [smos-parallel-1] c.a.c.i.RxDocumentClientImpl             : Getting database account endpoint from https://facturacioncosmosdb.documents.azure.com:443/
2025-06-02T17:51:10.313-06:00  INFO 19320 --- [cosmos-sql] [ctor-http-nio-1] c.a.c.i.GlobalEndpointManager            : db account retrieved {"_self":"","id":"facturacioncosmosdb","_rid":"facturacioncosmosdb.documents.azure.com","media":"//media/","addresses":"//addresses/","_dbs":"//dbs/","writableLocations":[{"name":"West US 3","databaseAccountEndpoint":"https://facturacioncosmosdb-westus3.documents.azure.com:443/"}],"readableLocations":[{"name":"West US 3","databaseAccountEndpoint":"https://facturacioncosmosdb-westus3.documents.azure.com:443/"}],"enableMultipleWriteLocations":false,"continuousBackupEnabled":false,"enableNRegionSynchronousCommit":false,"userReplicationPolicy":{"asyncReplication":false,"minReplicaSetSize":3,"maxReplicasetSize":4},"userConsistencyPolicy":{"defaultConsistencyLevel":"Session"},"systemReplicationPolicy":{"minReplicaSetSize":3,"maxReplicasetSize":4},"readPolicy":{"primaryReadCoefficient":1,"secondaryReadCoefficient":1},"queryEngineConfiguration":"{\"allowNewKeywords\":true,\"maxJoinsPerSqlQuery\":10,\"maxQueryRequestTimeoutFraction\":0.9,\"maxSqlQueryInputLength\":524288,\"maxUdfRefPerSqlQuery\":10,\"queryMaxInMemorySortDocumentCount\":-1000,\"spatialMaxGeometryPointCount\":256,\"sqlAllowNonFiniteNumbers\":false,\"sqlDisableOptimizationFlags\":0,\"sqlQueryILDisableOptimizationFlags\":0,\"clientDisableOptimisticDirectExecution\":false,\"queryEnableFullText\":true,\"enableSpatialIndexing\":true,\"maxInExpressionItemsCount\":2147483647,\"maxLogicalAndPerSqlQuery\":2147483647,\"maxLogicalOrPerSqlQuery\":2147483647,\"maxSpatialQueryCells\":2147483647,\"sqlAllowAggregateFunctions\":true,\"sqlAllowGroupByClause\":true,\"sqlAllowLike\":true,\"sqlAllowSubQuery\":true,\"sqlAllowScalarSubQuery\":true,\"sqlAllowTop\":true}"}
2025-06-02T17:51:10.338-06:00  INFO 19320 --- [cosmos-sql] [ctor-http-nio-2] c.a.c.i.clienttelemetry.ClientTelemetry  : Client is not on azure vm
2025-06-02T17:51:10.339-06:00  WARN 19320 --- [cosmos-sql] [ctor-http-nio-2] c.a.c.i.RxDocumentClientImpl             : Initialized DocumentClient [1] with machineId[uuid:a4b13465-1188-4929-ac09-2819e76f90ae] serviceEndpoint [https://facturacioncosmosdb.documents.azure.com:443/], connectionPolicy [null], consistencyLevel [null]
2025-06-02T17:51:10.347-06:00  INFO 19320 --- [cosmos-sql] [           main] c.a.c.i.d.RntbdTransportClient           : Using default Direct TCP options: azure.cosmos.directTcp.defaultOptions
2025-06-02T17:51:10.387-06:00  INFO 19320 --- [cosmos-sql] [           main] Endpoint$RntbdEndpointMonitoringProvider : Starting RntbdClientChannelPoolMonitoringProvider ...
2025-06-02T17:51:10.422-06:00  WARN 19320 --- [cosmos-sql] [           main] com.azure.cosmos.CosmosClientBuilder     : Cosmos Client with (Correlation) ID [00001] started up in [1522] ms with the following configuration: serviceEndpoint [https://facturacioncosmosdb.documents.azure.com:443/], preferredRegions [[]], excludedRegions [[]], connectionPolicy [null], consistencyLevel [null], contentResponseOnWriteEnabled [true], sessionCapturingOverride [false], connectionSharingAcrossClients [false], proactiveContainerInit [null], diagnostics [{samplingRate=1.0, thresholds={pointOperationLatencyThreshold=PT1S, nonPointOperationLatencyThreshold=PT3S, requestChargeThreshold=1000.0, payloadSizeInBytesThreshold=2147483647, customFailureHandler=false}, clientCorrelationId=null, clientMetricsEnabled=true, transportLevelTracingEnabled=false, showQueryMode=None, customTracerProvided=false, customDiagnosticHandlers=()}], tracing [true, false, com.azure.cosmos.implementation.DiagnosticsProvider.EnabledNoOpTracer, [com.azure.cosmos.implementation.clienttelemetry.ClientMetricsDiagnosticsHandler]], nativeTransport [false] fastClientOpen [false] isRegionScopedSessionCapturingEnabled [false]
2025-06-02T17:51:12.067-06:00  INFO 19320 --- [cosmos-sql] [           main] o.s.v.b.OptionalValidatorFactoryBean     : Failed to set up a Bean Validation provider: jakarta.validation.NoProviderFoundException: Unable to create a Configuration, because no Jakarta Bean Validation provider could be found. Add a provider like Hibernate Validator (RI) to your classpath.
2025-06-02T17:51:12.235-06:00  INFO 19320 --- [cosmos-sql] [           main] c.a.c.i.RxDocumentClientImpl             : Initializing DocumentClient [2] with serviceEndpoint [https://facturacioncosmosdb.documents.azure.com:443/], connectionPolicy [null], consistencyLevel [null]
2025-06-02T17:51:12.240-06:00  INFO 19320 --- [cosmos-sql] [smos-parallel-5] c.a.c.i.RxDocumentClientImpl             : Getting database account endpoint from https://facturacioncosmosdb.documents.azure.com:443/
2025-06-02T17:51:12.602-06:00  INFO 19320 --- [cosmos-sql] [ctor-http-nio-4] c.a.c.i.GlobalEndpointManager            : db account retrieved {"_self":"","id":"facturacioncosmosdb","_rid":"facturacioncosmosdb.documents.azure.com","media":"//media/","addresses":"//addresses/","_dbs":"//dbs/","writableLocations":[{"name":"West US 3","databaseAccountEndpoint":"https://facturacioncosmosdb-westus3.documents.azure.com:443/"}],"readableLocations":[{"name":"West US 3","databaseAccountEndpoint":"https://facturacioncosmosdb-westus3.documents.azure.com:443/"}],"enableMultipleWriteLocations":false,"continuousBackupEnabled":false,"enableNRegionSynchronousCommit":false,"userReplicationPolicy":{"asyncReplication":false,"minReplicaSetSize":3,"maxReplicasetSize":4},"userConsistencyPolicy":{"defaultConsistencyLevel":"Session"},"systemReplicationPolicy":{"minReplicaSetSize":3,"maxReplicasetSize":4},"readPolicy":{"primaryReadCoefficient":1,"secondaryReadCoefficient":1},"queryEngineConfiguration":"{\"allowNewKeywords\":true,\"maxJoinsPerSqlQuery\":10,\"maxQueryRequestTimeoutFraction\":0.9,\"maxSqlQueryInputLength\":524288,\"maxUdfRefPerSqlQuery\":10,\"queryMaxInMemorySortDocumentCount\":-1000,\"spatialMaxGeometryPointCount\":256,\"sqlAllowNonFiniteNumbers\":false,\"sqlDisableOptimizationFlags\":0,\"sqlQueryILDisableOptimizationFlags\":0,\"clientDisableOptimisticDirectExecution\":false,\"queryEnableFullText\":true,\"enableSpatialIndexing\":true,\"maxInExpressionItemsCount\":2147483647,\"maxLogicalAndPerSqlQuery\":2147483647,\"maxLogicalOrPerSqlQuery\":2147483647,\"maxSpatialQueryCells\":2147483647,\"sqlAllowAggregateFunctions\":true,\"sqlAllowGroupByClause\":true,\"sqlAllowLike\":true,\"sqlAllowSubQuery\":true,\"sqlAllowScalarSubQuery\":true,\"sqlAllowTop\":true}"}
2025-06-02T17:51:12.604-06:00  INFO 19320 --- [cosmos-sql] [ctor-http-nio-5] c.a.c.i.clienttelemetry.ClientTelemetry  : Client is not on azure vm
2025-06-02T17:51:12.604-06:00  WARN 19320 --- [cosmos-sql] [ctor-http-nio-5] c.a.c.i.RxDocumentClientImpl             : Initialized DocumentClient [2] with machineId[uuid:a4b13465-1188-4929-ac09-2819e76f90ae] serviceEndpoint [https://facturacioncosmosdb.documents.azure.com:443/], connectionPolicy [null], consistencyLevel [null]
2025-06-02T17:51:12.633-06:00  INFO 19320 --- [cosmos-sql] [           main] Endpoint$RntbdEndpointMonitoringProvider : Starting RntbdClientChannelPoolMonitoringProvider ...
2025-06-02T17:51:12.633-06:00  WARN 19320 --- [cosmos-sql] [           main] com.azure.cosmos.CosmosClientBuilder     : Cosmos Client with (Correlation) ID [00002] started up in [396] ms with the following configuration: serviceEndpoint [https://facturacioncosmosdb.documents.azure.com:443/], preferredRegions [[]], excludedRegions [[]], connectionPolicy [null], consistencyLevel [null], contentResponseOnWriteEnabled [true], sessionCapturingOverride [false], connectionSharingAcrossClients [false], proactiveContainerInit [null], diagnostics [{samplingRate=1.0, thresholds={pointOperationLatencyThreshold=PT1S, nonPointOperationLatencyThreshold=PT3S, requestChargeThreshold=1000.0, payloadSizeInBytesThreshold=2147483647, customFailureHandler=false}, clientCorrelationId=null, clientMetricsEnabled=true, transportLevelTracingEnabled=false, showQueryMode=None, customTracerProvided=false, customDiagnosticHandlers=()}], tracing [true, false, com.azure.cosmos.implementation.DiagnosticsProvider.EnabledNoOpTracer, [com.azure.cosmos.implementation.clienttelemetry.ClientMetricsDiagnosticsHandler]], nativeTransport [false] fastClientOpen [false] isRegionScopedSessionCapturingEnabled [false]
2025-06-02T17:51:12.633-06:00  INFO 19320 --- [cosmos-sql] [           main] c.a.c.i.RxDocumentClientImpl             : Initializing DocumentClient [3] with serviceEndpoint [https://facturacioncosmosdb.documents.azure.com:443/], connectionPolicy [null], consistencyLevel [null]
2025-06-02T17:51:12.633-06:00  INFO 19320 --- [cosmos-sql] [smos-parallel-7] c.a.c.i.RxDocumentClientImpl             : Getting database account endpoint from https://facturacioncosmosdb.documents.azure.com:443/
2025-06-02T17:51:12.992-06:00  INFO 19320 --- [cosmos-sql] [ctor-http-nio-6] c.a.c.i.GlobalEndpointManager            : db account retrieved {"_self":"","id":"facturacioncosmosdb","_rid":"facturacioncosmosdb.documents.azure.com","media":"//media/","addresses":"//addresses/","_dbs":"//dbs/","writableLocations":[{"name":"West US 3","databaseAccountEndpoint":"https://facturacioncosmosdb-westus3.documents.azure.com:443/"}],"readableLocations":[{"name":"West US 3","databaseAccountEndpoint":"https://facturacioncosmosdb-westus3.documents.azure.com:443/"}],"enableMultipleWriteLocations":false,"continuousBackupEnabled":false,"enableNRegionSynchronousCommit":false,"userReplicationPolicy":{"asyncReplication":false,"minReplicaSetSize":3,"maxReplicasetSize":4},"userConsistencyPolicy":{"defaultConsistencyLevel":"Session"},"systemReplicationPolicy":{"minReplicaSetSize":3,"maxReplicasetSize":4},"readPolicy":{"primaryReadCoefficient":1,"secondaryReadCoefficient":1},"queryEngineConfiguration":"{\"allowNewKeywords\":true,\"maxJoinsPerSqlQuery\":10,\"maxQueryRequestTimeoutFraction\":0.9,\"maxSqlQueryInputLength\":524288,\"maxUdfRefPerSqlQuery\":10,\"queryMaxInMemorySortDocumentCount\":-1000,\"spatialMaxGeometryPointCount\":256,\"sqlAllowNonFiniteNumbers\":false,\"sqlDisableOptimizationFlags\":0,\"sqlQueryILDisableOptimizationFlags\":0,\"clientDisableOptimisticDirectExecution\":false,\"queryEnableFullText\":true,\"enableSpatialIndexing\":true,\"maxInExpressionItemsCount\":2147483647,\"maxLogicalAndPerSqlQuery\":2147483647,\"maxLogicalOrPerSqlQuery\":2147483647,\"maxSpatialQueryCells\":2147483647,\"sqlAllowAggregateFunctions\":true,\"sqlAllowGroupByClause\":true,\"sqlAllowLike\":true,\"sqlAllowSubQuery\":true,\"sqlAllowScalarSubQuery\":true,\"sqlAllowTop\":true}"}
2025-06-02T17:51:12.996-06:00  INFO 19320 --- [cosmos-sql] [ctor-http-nio-7] c.a.c.i.clienttelemetry.ClientTelemetry  : Client is not on azure vm
2025-06-02T17:51:12.998-06:00  WARN 19320 --- [cosmos-sql] [ctor-http-nio-7] c.a.c.i.RxDocumentClientImpl             : Initialized DocumentClient [3] with machineId[uuid:a4b13465-1188-4929-ac09-2819e76f90ae] serviceEndpoint [https://facturacioncosmosdb.documents.azure.com:443/], connectionPolicy [null], consistencyLevel [null]
2025-06-02T17:51:13.026-06:00  INFO 19320 --- [cosmos-sql] [           main] Endpoint$RntbdEndpointMonitoringProvider : Starting RntbdClientChannelPoolMonitoringProvider ...
2025-06-02T17:51:13.028-06:00  WARN 19320 --- [cosmos-sql] [           main] com.azure.cosmos.CosmosClientBuilder     : Cosmos Client with (Correlation) ID [00003] started up in [391] ms with the following configuration: serviceEndpoint [https://facturacioncosmosdb.documents.azure.com:443/], preferredRegions [[]], excludedRegions [[]], connectionPolicy [null], consistencyLevel [null], contentResponseOnWriteEnabled [true], sessionCapturingOverride [false], connectionSharingAcrossClients [false], proactiveContainerInit [null], diagnostics [{samplingRate=1.0, thresholds={pointOperationLatencyThreshold=PT1S, nonPointOperationLatencyThreshold=PT3S, requestChargeThreshold=1000.0, payloadSizeInBytesThreshold=2147483647, customFailureHandler=false}, clientCorrelationId=null, clientMetricsEnabled=true, transportLevelTracingEnabled=false, showQueryMode=None, customTracerProvided=false, customDiagnosticHandlers=()}], tracing [true, false, com.azure.cosmos.implementation.DiagnosticsProvider.EnabledNoOpTracer, [com.azure.cosmos.implementation.clienttelemetry.ClientMetricsDiagnosticsHandler]], nativeTransport [false] fastClientOpen [false] isRegionScopedSessionCapturingEnabled [false]
2025-06-02T17:51:13.142-06:00  INFO 19320 --- [cosmos-sql] [           main] c.E.c.CosmosSqlApplicationTests          : Started CosmosSqlApplicationTests in 6.364 seconds (process running for 7.769)
]]></system-out>
    <system-err><![CDATA[Mockito is currently self-attaching to enable the inline-mock-maker. This will no longer work in future releases of the JDK. Please add Mockito as an agent to your build what is described in Mockito's documentation: https://javadoc.io/doc/org.mockito/mockito-core/latest/org/mockito/Mockito.html#0.3
WARNING: A Java agent has been loaded dynamically (C:\Users\raymo\.m2\repository\net\bytebuddy\byte-buddy-agent\1.15.11\byte-buddy-agent-1.15.11.jar)
WARNING: If a serviceability tool is in use, please run with -XX:+EnableDynamicAgentLoading to hide this warning
WARNING: If a serviceability tool is not in use, please run with -Djdk.instrument.traceUsage for more information
WARNING: Dynamic loading of agents will be disallowed by default in a future release
]]></system-err>
  </testcase>
</testsuite>